#
# There is insufficient memory for the Java Runtime Environment to continue.
# Native memory allocation (malloc) failed to allocate 1661936 bytes for Chunk::new
# Possible reasons:
#   The system is out of physical RAM or swap space
#   The process is running with CompressedOops enabled, and the Java Heap may be blocking the growth of the native heap
# Possible solutions:
#   Reduce memory load on the system
#   Increase physical memory or swap space
#   Check if swap backing store is full
#   Decrease Java heap size (-Xmx/-Xms)
#   Decrease number of Java threads
#   Decrease Java thread stack sizes (-Xss)
#   Set larger code cache with -XX:ReservedCodeCacheSize=
#   JVM is running with Unscaled Compressed Oops mode in which the Java heap is
#     placed in the first 4GB address space. The Java Heap base address is the
#     maximum limit for the native heap growth. Please use -XX:HeapBaseMinAddress
#     to set the Java Heap base and to place the Java Heap above 4GB virtual address.
# This output file may be truncated or incomplete.
#
#  Out of Memory Error (arena.cpp:189), pid=11304, tid=12904
#
# JRE version: OpenJDK Runtime Environment (17.0.6) (build 17.0.6+0-b2043.56-10027231)
# Java VM: OpenJDK 64-Bit Server VM (17.0.6+0-b2043.56-10027231, mixed mode, tiered, compressed oops, compressed class ptrs, g1 gc, windows-amd64)
# No core dump will be written. Minidumps are not enabled by default on client versions of Windows
#

---------------  S U M M A R Y ------------

Command Line: --add-opens=java.base/java.util=ALL-UNNAMED --add-opens=java.base/java.lang=ALL-UNNAMED --add-opens=java.base/java.lang.invoke=ALL-UNNAMED --add-opens=java.prefs/java.util.prefs=ALL-UNNAMED --add-opens=java.base/java.nio.charset=ALL-UNNAMED --add-opens=java.base/java.net=ALL-UNNAMED --add-opens=java.base/java.util.concurrent.atomic=ALL-UNNAMED -Xmx2048m -Dfile.encoding=UTF-8 -Duser.country=ID -Duser.language=en -Duser.variant org.gradle.launcher.daemon.bootstrap.GradleDaemon 8.0

Host: Intel(R) Core(TM) i3-8130U CPU @ 2.20GHz, 4 cores, 7G,  Windows 11 , 64 bit Build 22621 (10.0.22621.2070)
Time: Sat Aug 12 18:22:13 2023 SE Asia Standard Time elapsed time: 362.518934 seconds (0d 0h 6m 2s)

---------------  T H R E A D  ---------------

Current thread (0x000001947c91a000):  JavaThread "C2 CompilerThread0" daemon [_thread_in_native, id=12904, stack(0x00000024c5d00000,0x00000024c5e00000)]


Current CompileTask:
C2: 362519 21245       4       org.gradle.internal.component.model.ComponentAttributeMatcher::match (284 bytes)

Stack: [0x00000024c5d00000,0x00000024c5e00000]
Native frames: (J=compiled Java code, j=interpreted, Vv=VM code, C=native code)
V  [jvm.dll+0x683c9a]
V  [jvm.dll+0x8427a4]
V  [jvm.dll+0x843f9e]
V  [jvm.dll+0x844603]
V  [jvm.dll+0x249b75]
V  [jvm.dll+0xabcac]
V  [jvm.dll+0xac27c]
V  [jvm.dll+0x368802]
V  [jvm.dll+0x332f31]
V  [jvm.dll+0x3323da]
V  [jvm.dll+0x21c201]
V  [jvm.dll+0x21b621]
V  [jvm.dll+0x1a4fdd]
V  [jvm.dll+0x22b098]
V  [jvm.dll+0x229159]
V  [jvm.dll+0x7f81ec]
V  [jvm.dll+0x7f274a]
V  [jvm.dll+0x682ad5]
C  [ucrtbase.dll+0x29363]
C  [KERNEL32.DLL+0x126ad]
C  [ntdll.dll+0x5aa68]


---------------  P R O C E S S  ---------------

Threads class SMR info:
_java_thread_list=0x0000019411689d40, length=83, elements={
0x00000194607ee170, 0x000001947bf06960, 0x000001947bf07510, 0x000001947bf48410,
0x000001947bf4ade0, 0x000001947bf4d8a0, 0x000001947bf4e250, 0x000001947c91a000,
0x000001947c96d850, 0x000001947c9965a0, 0x000001947ca8a1b0, 0x000001947ca8e690,
0x000001947dffc430, 0x000001947d953530, 0x000001947dca3420, 0x000001947e20e780,
0x000001947e20ec50, 0x000001947e20f120, 0x000001947e20caa0, 0x000001947e20fac0,
0x000001947e20c100, 0x0000019400c60c40, 0x0000019400c65940, 0x0000019400c61f80,
0x0000019400c60770, 0x0000019400c5f900, 0x0000019400c62920, 0x000001947d13fdd0,
0x000001947d13ea90, 0x0000019405d24360, 0x0000019405d1ecc0, 0x0000019405d23e90,
0x0000019405d1e7f0, 0x0000019405d1cfe0, 0x0000019405d1f660, 0x0000019405d22680,
0x0000019405d1fb30, 0x0000019405d204d0, 0x0000019405d20e70, 0x000001947e20f5f0,
0x000001947e20cf70, 0x000001947e20c5d0, 0x000001947e20d440, 0x000001947e20d910,
0x000001947e20dde0, 0x000001947e20e2b0, 0x000001947d13ef60, 0x000001947d13d280,
0x000001947d13f430, 0x000001947d13f900, 0x000001947d1402a0, 0x000001947d13e5c0,
0x0000019405d21810, 0x0000019405d23020, 0x0000019409ac49a0, 0x0000019409ac3660,
0x0000019409ac8830, 0x0000019409ac44d0, 0x0000019409ac4000, 0x0000019409ac27f0,
0x0000019409ac7020, 0x0000019409ac3b30, 0x0000019409ac6680, 0x0000019409ac3190,
0x0000019409ac4e70, 0x0000019409ac6b50, 0x0000019409ac5340, 0x0000019409ac2cc0,
0x0000019409ac5810, 0x0000019409ac5ce0, 0x0000019409ac61b0, 0x0000019409ac74f0,
0x0000019409ac14b0, 0x0000019409ac79c0, 0x0000019409ac7e90, 0x0000019409ac1e50,
0x0000019409ac1980, 0x0000019409ac8360, 0x0000019409ac0fe0, 0x0000019409ac2320,
0x000001940a2bb200, 0x00000194044d32a0, 0x000001940a2b86b0
}

Java Threads: ( => current thread )
  0x00000194607ee170 JavaThread "main" [_thread_blocked, id=17396, stack(0x00000024c5000000,0x00000024c5100000)]
  0x000001947bf06960 JavaThread "Reference Handler" daemon [_thread_blocked, id=16616, stack(0x00000024c5700000,0x00000024c5800000)]
  0x000001947bf07510 JavaThread "Finalizer" daemon [_thread_blocked, id=3356, stack(0x00000024c5800000,0x00000024c5900000)]
  0x000001947bf48410 JavaThread "Signal Dispatcher" daemon [_thread_blocked, id=17100, stack(0x00000024c5900000,0x00000024c5a00000)]
  0x000001947bf4ade0 JavaThread "Attach Listener" daemon [_thread_blocked, id=5392, stack(0x00000024c5a00000,0x00000024c5b00000)]
  0x000001947bf4d8a0 JavaThread "Service Thread" daemon [_thread_blocked, id=14484, stack(0x00000024c5b00000,0x00000024c5c00000)]
  0x000001947bf4e250 JavaThread "Monitor Deflation Thread" daemon [_thread_blocked, id=5472, stack(0x00000024c5c00000,0x00000024c5d00000)]
=>0x000001947c91a000 JavaThread "C2 CompilerThread0" daemon [_thread_in_native, id=12904, stack(0x00000024c5d00000,0x00000024c5e00000)]
  0x000001947c96d850 JavaThread "C1 CompilerThread0" daemon [_thread_blocked, id=8232, stack(0x00000024c5e00000,0x00000024c5f00000)]
  0x000001947c9965a0 JavaThread "Sweeper thread" daemon [_thread_blocked, id=8260, stack(0x00000024c5f00000,0x00000024c6000000)]
  0x000001947ca8a1b0 JavaThread "Common-Cleaner" daemon [_thread_blocked, id=16300, stack(0x00000024c6000000,0x00000024c6100000)]
  0x000001947ca8e690 JavaThread "Notification Thread" daemon [_thread_blocked, id=15020, stack(0x00000024c6100000,0x00000024c6200000)]
  0x000001947dffc430 JavaThread "Daemon health stats" [_thread_blocked, id=14948, stack(0x00000024c6600000,0x00000024c6700000)]
  0x000001947d953530 JavaThread "Incoming local TCP Connector on port 49843" [_thread_in_native, id=10308, stack(0x00000024c6700000,0x00000024c6800000)]
  0x000001947dca3420 JavaThread "Daemon periodic checks" [_thread_blocked, id=6256, stack(0x00000024c6800000,0x00000024c6900000)]
  0x000001947e20e780 JavaThread "Cache worker for journal cache (C:\Users\Alif\.gradle\caches\journal-1)" [_thread_blocked, id=16112, stack(0x00000024c7000000,0x00000024c7100000)]
  0x000001947e20ec50 JavaThread "File lock request listener" [_thread_in_native, id=13320, stack(0x00000024c7100000,0x00000024c7200000)]
  0x000001947e20f120 JavaThread "Cache worker for file hash cache (C:\Users\Alif\.gradle\caches\8.0\fileHashes)" [_thread_blocked, id=13988, stack(0x00000024c7200000,0x00000024c7300000)]
  0x000001947e20caa0 JavaThread "File watcher server" daemon [_thread_in_native, id=14720, stack(0x00000024c7300000,0x00000024c7400000)]
  0x000001947e20fac0 JavaThread "File watcher consumer" daemon [_thread_blocked, id=14496, stack(0x00000024c7400000,0x00000024c7500000)]
  0x000001947e20c100 JavaThread "Cache worker for file content cache (C:\Users\Alif\.gradle\caches\8.0\fileContent)" [_thread_blocked, id=12148, stack(0x00000024c7700000,0x00000024c7800000)]
  0x0000019400c60c40 JavaThread "Cache worker for execution history cache (C:\Users\Alif\.gradle\caches\8.0\executionHistory)" [_thread_blocked, id=5176, stack(0x00000024c7a00000,0x00000024c7b00000)]
  0x0000019400c65940 JavaThread "jar transforms" [_thread_blocked, id=4972, stack(0x00000024c7b00000,0x00000024c7c00000)]
  0x0000019400c61f80 JavaThread "jar transforms Thread 2" [_thread_blocked, id=12320, stack(0x00000024c7c00000,0x00000024c7d00000)]
  0x0000019400c60770 JavaThread "Cache worker for kotlin-dsl (C:\Users\Alif\.gradle\caches\8.0\kotlin-dsl)" [_thread_blocked, id=6800, stack(0x00000024c7e00000,0x00000024c7f00000)]
  0x0000019400c5f900 JavaThread "jar transforms Thread 3" [_thread_blocked, id=14548, stack(0x00000024c7f00000,0x00000024c8000000)]
  0x0000019400c62920 JavaThread "jar transforms Thread 4" [_thread_blocked, id=17236, stack(0x00000024c8000000,0x00000024c8100000)]
  0x000001947d13fdd0 JavaThread "Memory manager" [_thread_blocked, id=7632, stack(0x00000024cad00000,0x00000024cae00000)]
  0x000001947d13ea90 JavaThread "pool-3-thread-1" [_thread_blocked, id=11400, stack(0x00000024cb100000,0x00000024cb200000)]
  0x0000019405d24360 JavaThread "Daemon Thread 2" [_thread_blocked, id=6252, stack(0x00000024c4e00000,0x00000024c4f00000)]
  0x0000019405d1ecc0 JavaThread "Handler for socket connection from /127.0.0.1:49843 to /127.0.0.1:49977" [_thread_in_native, id=12400, stack(0x00000024c4f00000,0x00000024c5000000)]
  0x0000019405d23e90 JavaThread "Cancel handler" [_thread_blocked, id=15564, stack(0x00000024c6900000,0x00000024c6a00000)]
  0x0000019405d1e7f0 JavaThread "Daemon worker Thread 2" [_thread_in_native, id=5320, stack(0x00000024c6c00000,0x00000024c6d00000)]
  0x0000019405d1cfe0 JavaThread "Asynchronous log dispatcher for DefaultDaemonConnection: socket connection from /127.0.0.1:49843 to /127.0.0.1:49977" [_thread_blocked, id=15496, stack(0x00000024c6d00000,0x00000024c6e00000)]
  0x0000019405d1f660 JavaThread "Daemon client event forwarder" [_thread_blocked, id=15916, stack(0x00000024c6b00000,0x00000024c6c00000)]
  0x0000019405d22680 JavaThread "Cache worker for checksums cache (C:\Users\Alif\AKB\TugasCatatanUas\.gradle\8.0\checksums)" [_thread_blocked, id=13208, stack(0x00000024c7500000,0x00000024c7600000)]
  0x0000019405d1fb30 JavaThread "Cache worker for cache directory md-rule (C:\Users\Alif\.gradle\caches\8.0\md-rule)" [_thread_blocked, id=14996, stack(0x00000024c7600000,0x00000024c7700000)]
  0x0000019405d204d0 JavaThread "Cache worker for file hash cache (C:\Users\Alif\AKB\TugasCatatanUas\.gradle\8.0\fileHashes)" [_thread_blocked, id=11148, stack(0x00000024c7800000,0x00000024c7900000)]
  0x0000019405d20e70 JavaThread "Cache worker for cache directory md-supplier (C:\Users\Alif\.gradle\caches\8.0\md-supplier)" [_thread_blocked, id=11752, stack(0x00000024c7900000,0x00000024c7a00000)]
  0x000001947e20f5f0 JavaThread "Cache worker for dependencies-accessors (C:\Users\Alif\AKB\TugasCatatanUas\.gradle\8.0\dependencies-accessors)" [_thread_blocked, id=16716, stack(0x00000024c8200000,0x00000024c8300000)]
  0x000001947e20cf70 JavaThread "Cache worker for Build Output Cleanup Cache (C:\Users\Alif\AKB\TugasCatatanUas\.gradle\buildOutputCleanup)" [_thread_blocked, id=4736, stack(0x00000024c8300000,0x00000024c8400000)]
  0x000001947e20c5d0 JavaThread "Unconstrained build operations" [_thread_blocked, id=15844, stack(0x00000024c8400000,0x00000024c8500000)]
  0x000001947e20d440 JavaThread "Unconstrained build operations Thread 2" [_thread_blocked, id=3044, stack(0x00000024c8500000,0x00000024c8600000)]
  0x000001947e20d910 JavaThread "Unconstrained build operations Thread 3" [_thread_blocked, id=9508, stack(0x00000024c8600000,0x00000024c8700000)]
  0x000001947e20dde0 JavaThread "Unconstrained build operations Thread 4" [_thread_blocked, id=8452, stack(0x00000024c8700000,0x00000024c8800000)]
  0x000001947e20e2b0 JavaThread "Unconstrained build operations Thread 5" [_thread_blocked, id=13560, stack(0x00000024c8800000,0x00000024c8900000)]
  0x000001947d13ef60 JavaThread "Unconstrained build operations Thread 6" [_thread_blocked, id=14408, stack(0x00000024c8900000,0x00000024c8a00000)]
  0x000001947d13d280 JavaThread "Unconstrained build operations Thread 7" [_thread_blocked, id=1736, stack(0x00000024c8a00000,0x00000024c8b00000)]
  0x000001947d13f430 JavaThread "Unconstrained build operations Thread 8" [_thread_blocked, id=15876, stack(0x00000024c8b00000,0x00000024c8c00000)]
  0x000001947d13f900 JavaThread "Unconstrained build operations Thread 9" [_thread_blocked, id=7860, stack(0x00000024c8c00000,0x00000024c8d00000)]
  0x000001947d1402a0 JavaThread "Unconstrained build operations Thread 10" [_thread_blocked, id=16560, stack(0x00000024c8d00000,0x00000024c8e00000)]
  0x000001947d13e5c0 JavaThread "Unconstrained build operations Thread 11" [_thread_blocked, id=5080, stack(0x00000024c8e00000,0x00000024c8f00000)]
  0x0000019405d21810 JavaThread "Unconstrained build operations Thread 12" [_thread_blocked, id=12816, stack(0x00000024c8f00000,0x00000024c9000000)]
  0x0000019405d23020 JavaThread "Unconstrained build operations Thread 13" [_thread_blocked, id=13076, stack(0x00000024c9000000,0x00000024c9100000)]
  0x0000019409ac49a0 JavaThread "Unconstrained build operations Thread 14" [_thread_blocked, id=13512, stack(0x00000024c9100000,0x00000024c9200000)]
  0x0000019409ac3660 JavaThread "Unconstrained build operations Thread 15" [_thread_blocked, id=11364, stack(0x00000024c9200000,0x00000024c9300000)]
  0x0000019409ac8830 JavaThread "Unconstrained build operations Thread 16" [_thread_blocked, id=12252, stack(0x00000024c9300000,0x00000024c9400000)]
  0x0000019409ac44d0 JavaThread "Unconstrained build operations Thread 17" [_thread_blocked, id=15016, stack(0x00000024c9400000,0x00000024c9500000)]
  0x0000019409ac4000 JavaThread "Unconstrained build operations Thread 18" [_thread_blocked, id=17028, stack(0x00000024c9500000,0x00000024c9600000)]
  0x0000019409ac27f0 JavaThread "Unconstrained build operations Thread 19" [_thread_blocked, id=16628, stack(0x00000024c9600000,0x00000024c9700000)]
  0x0000019409ac7020 JavaThread "Unconstrained build operations Thread 20" [_thread_blocked, id=16052, stack(0x00000024c9700000,0x00000024c9800000)]
  0x0000019409ac3b30 JavaThread "Unconstrained build operations Thread 21" [_thread_blocked, id=4132, stack(0x00000024c9800000,0x00000024c9900000)]
  0x0000019409ac6680 JavaThread "Unconstrained build operations Thread 22" [_thread_blocked, id=14700, stack(0x00000024c9900000,0x00000024c9a00000)]
  0x0000019409ac3190 JavaThread "Unconstrained build operations Thread 23" [_thread_blocked, id=11540, stack(0x00000024c9a00000,0x00000024c9b00000)]
  0x0000019409ac4e70 JavaThread "Unconstrained build operations Thread 24" [_thread_blocked, id=13984, stack(0x00000024c9b00000,0x00000024c9c00000)]
  0x0000019409ac6b50 JavaThread "Unconstrained build operations Thread 25" [_thread_blocked, id=8564, stack(0x00000024c9c00000,0x00000024c9d00000)]
  0x0000019409ac5340 JavaThread "Unconstrained build operations Thread 26" [_thread_blocked, id=10312, stack(0x00000024c9d00000,0x00000024c9e00000)]
  0x0000019409ac2cc0 JavaThread "Unconstrained build operations Thread 27" [_thread_blocked, id=5308, stack(0x00000024c9e00000,0x00000024c9f00000)]
  0x0000019409ac5810 JavaThread "Unconstrained build operations Thread 28" [_thread_blocked, id=11820, stack(0x00000024c9f00000,0x00000024ca000000)]
  0x0000019409ac5ce0 JavaThread "Unconstrained build operations Thread 29" [_thread_blocked, id=13716, stack(0x00000024ca000000,0x00000024ca100000)]
  0x0000019409ac61b0 JavaThread "Unconstrained build operations Thread 30" [_thread_blocked, id=10480, stack(0x00000024ca100000,0x00000024ca200000)]
  0x0000019409ac74f0 JavaThread "Unconstrained build operations Thread 31" [_thread_blocked, id=13484, stack(0x00000024ca200000,0x00000024ca300000)]
  0x0000019409ac14b0 JavaThread "Unconstrained build operations Thread 32" [_thread_blocked, id=12152, stack(0x00000024ca300000,0x00000024ca400000)]
  0x0000019409ac79c0 JavaThread "Unconstrained build operations Thread 33" [_thread_blocked, id=14368, stack(0x00000024ca400000,0x00000024ca500000)]
  0x0000019409ac7e90 JavaThread "Unconstrained build operations Thread 34" [_thread_blocked, id=14500, stack(0x00000024ca500000,0x00000024ca600000)]
  0x0000019409ac1e50 JavaThread "Unconstrained build operations Thread 35" [_thread_blocked, id=10736, stack(0x00000024ca600000,0x00000024ca700000)]
  0x0000019409ac1980 JavaThread "Unconstrained build operations Thread 36" [_thread_blocked, id=15796, stack(0x00000024ca700000,0x00000024ca800000)]
  0x0000019409ac8360 JavaThread "Unconstrained build operations Thread 37" [_thread_blocked, id=17124, stack(0x00000024ca800000,0x00000024ca900000)]
  0x0000019409ac0fe0 JavaThread "Unconstrained build operations Thread 38" [_thread_blocked, id=9732, stack(0x00000024ca900000,0x00000024caa00000)]
  0x0000019409ac2320 JavaThread "Unconstrained build operations Thread 39" [_thread_blocked, id=3376, stack(0x00000024caa00000,0x00000024cab00000)]
  0x000001940a2bb200 JavaThread "Unconstrained build operations Thread 40" [_thread_blocked, id=1400, stack(0x00000024cab00000,0x00000024cac00000)]
  0x00000194044d32a0 JavaThread "C2 CompilerThread1" daemon [_thread_in_native, id=15272, stack(0x00000024c6a00000,0x00000024c6b00000)]
  0x000001940a2b86b0 JavaThread "pool-6-thread-1" [_thread_blocked, id=13300, stack(0x00000024c6e00000,0x00000024c6f00000)]

Other Threads:
  0x000001947bf03610 VMThread "VM Thread" [stack: 0x00000024c5600000,0x00000024c5700000] [id=12536]
  0x000001947ca8eb60 WatcherThread [stack: 0x00000024c6200000,0x00000024c6300000] [id=13840]
  0x00000194629b0840 GCTaskThread "GC Thread#0" [stack: 0x00000024c5100000,0x00000024c5200000] [id=3776]
  0x000001947d12c9e0 GCTaskThread "GC Thread#1" [stack: 0x00000024c6300000,0x00000024c6400000] [id=15708]
  0x000001947cfc3020 GCTaskThread "GC Thread#2" [stack: 0x00000024c6400000,0x00000024c6500000] [id=5880]
  0x000001947d63a570 GCTaskThread "GC Thread#3" [stack: 0x00000024c6500000,0x00000024c6600000] [id=9456]
  0x00000194629c1780 ConcurrentGCThread "G1 Main Marker" [stack: 0x00000024c5200000,0x00000024c5300000] [id=17272]
  0x00000194629c31a0 ConcurrentGCThread "G1 Conc#0" [stack: 0x00000024c5300000,0x00000024c5400000] [id=3488]
  0x000001947bd700a0 ConcurrentGCThread "G1 Refine#0" [stack: 0x00000024c5400000,0x00000024c5500000] [id=14440]
  0x000001947f4e9140 ConcurrentGCThread "G1 Refine#1" [stack: 0x00000024c7d00000,0x00000024c7e00000] [id=1800]
  0x000001947bd70ac0 ConcurrentGCThread "G1 Service" [stack: 0x00000024c5500000,0x00000024c5600000] [id=5600]

Threads with active compile tasks:
C2 CompilerThread0   362874 21245       4       org.gradle.internal.component.model.ComponentAttributeMatcher::match (284 bytes)
C2 CompilerThread1   362874 21244       4       org.gradle.api.internal.attributes.DefaultAttributesSchema$DefaultAttributeMatcher::matches (17 bytes)

VM state: not at safepoint (normal execution)

VM Mutex/Monitor currently owned by a thread: None

Heap address: 0x0000000080000000, size: 2048 MB, Compressed Oops mode: 32-bit

CDS archive(s) not mapped
Compressed class space mapped at: 0x0000000100000000-0x0000000140000000, reserved size: 1073741824
Narrow klass base: 0x0000000000000000, Narrow klass shift: 3, Narrow klass range: 0x140000000

GC Precious Log:
 CPUs: 4 total, 4 available
 Memory: 8071M
 Large Page Support: Disabled
 NUMA Support: Disabled
 Compressed Oops: Enabled (32-bit)
 Heap Region Size: 1M
 Heap Min Capacity: 8M
 Heap Initial Capacity: 128M
 Heap Max Capacity: 2G
 Pre-touch: Disabled
 Parallel Workers: 4
 Concurrent Workers: 1
 Concurrent Refinement Workers: 4
 Periodic GC: Disabled

Heap:
 garbage-first heap   total 297984K, used 253036K [0x0000000080000000, 0x0000000100000000)
  region size 1024K, 19 young (19456K), 3 survivors (3072K)
 Metaspace       used 187055K, committed 188096K, reserved 1220608K
  class space    used 24140K, committed 24640K, reserved 1048576K

Heap Regions: E=young(eden), S=young(survivor), O=old, HS=humongous(starts), HC=humongous(continues), CS=collection set, F=free, OA=open archive, CA=closed archive, TAMS=top-at-mark-start (previous, next)
|   0|0x0000000080000000, 0x0000000080100000, 0x0000000080100000|100%| O|  |TAMS 0x0000000080100000, 0x0000000080000000| Untracked 
|   1|0x0000000080100000, 0x0000000080200000, 0x0000000080200000|100%| O|  |TAMS 0x0000000080200000, 0x0000000080100000| Untracked 
|   2|0x0000000080200000, 0x0000000080300000, 0x0000000080300000|100%|HS|  |TAMS 0x0000000080300000, 0x0000000080200000| Complete 
|   3|0x0000000080300000, 0x0000000080400000, 0x0000000080400000|100%|HC|  |TAMS 0x0000000080400000, 0x0000000080300000| Complete 
|   4|0x0000000080400000, 0x0000000080500000, 0x0000000080500000|100%|HC|  |TAMS 0x0000000080500000, 0x0000000080400000| Complete 
|   5|0x0000000080500000, 0x0000000080600000, 0x0000000080600000|100%|HC|  |TAMS 0x0000000080600000, 0x0000000080500000| Complete 
|   6|0x0000000080600000, 0x0000000080700000, 0x0000000080700000|100%| O|  |TAMS 0x0000000080700000, 0x0000000080600000| Untracked 
|   7|0x0000000080700000, 0x0000000080800000, 0x0000000080800000|100%| O|  |TAMS 0x0000000080800000, 0x0000000080700000| Untracked 
|   8|0x0000000080800000, 0x0000000080900000, 0x0000000080900000|100%| O|  |TAMS 0x0000000080900000, 0x0000000080800000| Untracked 
|   9|0x0000000080900000, 0x0000000080a00000, 0x0000000080a00000|100%| O|  |TAMS 0x0000000080a00000, 0x0000000080900000| Untracked 
|  10|0x0000000080a00000, 0x0000000080b00000, 0x0000000080b00000|100%| O|  |TAMS 0x0000000080b00000, 0x0000000080a00000| Untracked 
|  11|0x0000000080b00000, 0x0000000080c00000, 0x0000000080c00000|100%| O|  |TAMS 0x0000000080c00000, 0x0000000080b00000| Untracked 
|  12|0x0000000080c00000, 0x0000000080d00000, 0x0000000080d00000|100%| O|  |TAMS 0x0000000080d00000, 0x0000000080c00000| Untracked 
|  13|0x0000000080d00000, 0x0000000080e00000, 0x0000000080e00000|100%| O|  |TAMS 0x0000000080e00000, 0x0000000080d00000| Untracked 
|  14|0x0000000080e00000, 0x0000000080f00000, 0x0000000080f00000|100%| O|  |TAMS 0x0000000080f00000, 0x0000000080e00000| Untracked 
|  15|0x0000000080f00000, 0x0000000081000000, 0x0000000081000000|100%| O|  |TAMS 0x0000000081000000, 0x0000000080f00000| Untracked 
|  16|0x0000000081000000, 0x0000000081100000, 0x0000000081100000|100%| O|  |TAMS 0x0000000081100000, 0x0000000081000000| Untracked 
|  17|0x0000000081100000, 0x0000000081200000, 0x0000000081200000|100%| O|  |TAMS 0x0000000081200000, 0x0000000081100000| Untracked 
|  18|0x0000000081200000, 0x0000000081300000, 0x0000000081300000|100%| O|  |TAMS 0x0000000081300000, 0x0000000081200000| Untracked 
|  19|0x0000000081300000, 0x0000000081400000, 0x0000000081400000|100%| O|  |TAMS 0x0000000081400000, 0x0000000081300000| Untracked 
|  20|0x0000000081400000, 0x0000000081500000, 0x0000000081500000|100%| O|  |TAMS 0x0000000081500000, 0x0000000081400000| Untracked 
|  21|0x0000000081500000, 0x0000000081600000, 0x0000000081600000|100%| O|  |TAMS 0x0000000081600000, 0x0000000081500000| Untracked 
|  22|0x0000000081600000, 0x0000000081700000, 0x0000000081700000|100%| O|  |TAMS 0x0000000081700000, 0x0000000081600000| Untracked 
|  23|0x0000000081700000, 0x0000000081800000, 0x0000000081800000|100%| O|  |TAMS 0x0000000081800000, 0x0000000081700000| Untracked 
|  24|0x0000000081800000, 0x0000000081900000, 0x0000000081900000|100%| O|  |TAMS 0x0000000081900000, 0x0000000081800000| Untracked 
|  25|0x0000000081900000, 0x0000000081a00000, 0x0000000081a00000|100%| O|  |TAMS 0x0000000081a00000, 0x0000000081900000| Untracked 
|  26|0x0000000081a00000, 0x0000000081b00000, 0x0000000081b00000|100%| O|  |TAMS 0x0000000081b00000, 0x0000000081a00000| Untracked 
|  27|0x0000000081b00000, 0x0000000081c00000, 0x0000000081c00000|100%| O|  |TAMS 0x0000000081c00000, 0x0000000081b00000| Untracked 
|  28|0x0000000081c00000, 0x0000000081d00000, 0x0000000081d00000|100%| O|  |TAMS 0x0000000081d00000, 0x0000000081c00000| Untracked 
|  29|0x0000000081d00000, 0x0000000081e00000, 0x0000000081e00000|100%| O|  |TAMS 0x0000000081e00000, 0x0000000081d00000| Untracked 
|  30|0x0000000081e00000, 0x0000000081f00000, 0x0000000081f00000|100%| O|  |TAMS 0x0000000081f00000, 0x0000000081e00000| Untracked 
|  31|0x0000000081f00000, 0x0000000082000000, 0x0000000082000000|100%| O|  |TAMS 0x0000000082000000, 0x0000000081f00000| Untracked 
|  32|0x0000000082000000, 0x0000000082100000, 0x0000000082100000|100%| O|  |TAMS 0x0000000082100000, 0x0000000082000000| Untracked 
|  33|0x0000000082100000, 0x0000000082200000, 0x0000000082200000|100%| O|  |TAMS 0x0000000082200000, 0x0000000082100000| Untracked 
|  34|0x0000000082200000, 0x0000000082300000, 0x0000000082300000|100%| O|  |TAMS 0x0000000082300000, 0x0000000082200000| Untracked 
|  35|0x0000000082300000, 0x0000000082400000, 0x0000000082400000|100%| O|  |TAMS 0x0000000082400000, 0x0000000082300000| Untracked 
|  36|0x0000000082400000, 0x0000000082500000, 0x0000000082500000|100%| O|  |TAMS 0x0000000082500000, 0x0000000082400000| Untracked 
|  37|0x0000000082500000, 0x0000000082600000, 0x0000000082600000|100%| O|  |TAMS 0x0000000082600000, 0x0000000082500000| Untracked 
|  38|0x0000000082600000, 0x0000000082700000, 0x0000000082700000|100%| O|  |TAMS 0x0000000082700000, 0x0000000082600000| Untracked 
|  39|0x0000000082700000, 0x0000000082800000, 0x0000000082800000|100%|HS|  |TAMS 0x0000000082800000, 0x0000000082700000| Complete 
|  40|0x0000000082800000, 0x0000000082900000, 0x0000000082900000|100%|HS|  |TAMS 0x0000000082900000, 0x0000000082800000| Complete 
|  41|0x0000000082900000, 0x0000000082a00000, 0x0000000082a00000|100%|HS|  |TAMS 0x0000000082a00000, 0x0000000082900000| Complete 
|  42|0x0000000082a00000, 0x0000000082b00000, 0x0000000082b00000|100%| O|  |TAMS 0x0000000082b00000, 0x0000000082a00000| Untracked 
|  43|0x0000000082b00000, 0x0000000082c00000, 0x0000000082c00000|100%| O|  |TAMS 0x0000000082c00000, 0x0000000082b00000| Untracked 
|  44|0x0000000082c00000, 0x0000000082d00000, 0x0000000082d00000|100%| O|  |TAMS 0x0000000082d00000, 0x0000000082c00000| Untracked 
|  45|0x0000000082d00000, 0x0000000082e00000, 0x0000000082e00000|100%| O|  |TAMS 0x0000000082e00000, 0x0000000082d00000| Untracked 
|  46|0x0000000082e00000, 0x0000000082f00000, 0x0000000082f00000|100%| O|  |TAMS 0x0000000082f00000, 0x0000000082e00000| Untracked 
|  47|0x0000000082f00000, 0x0000000083000000, 0x0000000083000000|100%| O|  |TAMS 0x0000000083000000, 0x0000000082f00000| Untracked 
|  48|0x0000000083000000, 0x0000000083100000, 0x0000000083100000|100%| O|  |TAMS 0x0000000083100000, 0x0000000083000000| Untracked 
|  49|0x0000000083100000, 0x0000000083200000, 0x0000000083200000|100%| O|  |TAMS 0x0000000083200000, 0x0000000083100000| Untracked 
|  50|0x0000000083200000, 0x0000000083300000, 0x0000000083300000|100%| O|  |TAMS 0x0000000083300000, 0x0000000083200000| Untracked 
|  51|0x0000000083300000, 0x0000000083400000, 0x0000000083400000|100%| O|  |TAMS 0x0000000083400000, 0x0000000083300000| Untracked 
|  52|0x0000000083400000, 0x0000000083500000, 0x0000000083500000|100%| O|  |TAMS 0x0000000083500000, 0x0000000083400000| Untracked 
|  53|0x0000000083500000, 0x0000000083600000, 0x0000000083600000|100%| O|  |TAMS 0x0000000083600000, 0x0000000083500000| Untracked 
|  54|0x0000000083600000, 0x0000000083700000, 0x0000000083700000|100%| O|  |TAMS 0x0000000083700000, 0x0000000083600000| Untracked 
|  55|0x0000000083700000, 0x0000000083800000, 0x0000000083800000|100%| O|  |TAMS 0x0000000083800000, 0x0000000083700000| Untracked 
|  56|0x0000000083800000, 0x0000000083900000, 0x0000000083900000|100%| O|  |TAMS 0x0000000083900000, 0x0000000083800000| Untracked 
|  57|0x0000000083900000, 0x0000000083a00000, 0x0000000083a00000|100%| O|  |TAMS 0x0000000083a00000, 0x0000000083900000| Untracked 
|  58|0x0000000083a00000, 0x0000000083b00000, 0x0000000083b00000|100%| O|  |TAMS 0x0000000083b00000, 0x0000000083a00000| Untracked 
|  59|0x0000000083b00000, 0x0000000083c00000, 0x0000000083c00000|100%| O|  |TAMS 0x0000000083c00000, 0x0000000083b00000| Untracked 
|  60|0x0000000083c00000, 0x0000000083d00000, 0x0000000083d00000|100%| O|  |TAMS 0x0000000083d00000, 0x0000000083c00000| Untracked 
|  61|0x0000000083d00000, 0x0000000083e00000, 0x0000000083e00000|100%| O|  |TAMS 0x0000000083d00000, 0x0000000083d00000| Untracked 
|  62|0x0000000083e00000, 0x0000000083f00000, 0x0000000083f00000|100%| O|  |TAMS 0x0000000083f00000, 0x0000000083e00000| Untracked 
|  63|0x0000000083f00000, 0x0000000084000000, 0x0000000084000000|100%| O|  |TAMS 0x0000000084000000, 0x0000000083f00000| Untracked 
|  64|0x0000000084000000, 0x0000000084100000, 0x0000000084100000|100%| O|  |TAMS 0x0000000084100000, 0x0000000084000000| Untracked 
|  65|0x0000000084100000, 0x0000000084200000, 0x0000000084200000|100%| O|  |TAMS 0x0000000084200000, 0x0000000084100000| Untracked 
|  66|0x0000000084200000, 0x0000000084300000, 0x0000000084300000|100%| O|  |TAMS 0x0000000084300000, 0x0000000084200000| Untracked 
|  67|0x0000000084300000, 0x0000000084400000, 0x0000000084400000|100%| O|  |TAMS 0x0000000084400000, 0x0000000084300000| Untracked 
|  68|0x0000000084400000, 0x0000000084500000, 0x0000000084500000|100%| O|  |TAMS 0x0000000084500000, 0x0000000084400000| Untracked 
|  69|0x0000000084500000, 0x0000000084600000, 0x0000000084600000|100%| O|  |TAMS 0x0000000084600000, 0x0000000084500000| Untracked 
|  70|0x0000000084600000, 0x0000000084700000, 0x0000000084700000|100%| O|  |TAMS 0x0000000084700000, 0x0000000084600000| Untracked 
|  71|0x0000000084700000, 0x0000000084800000, 0x0000000084800000|100%| O|  |TAMS 0x0000000084800000, 0x0000000084700000| Untracked 
|  72|0x0000000084800000, 0x0000000084900000, 0x0000000084900000|100%| O|  |TAMS 0x0000000084900000, 0x0000000084800000| Untracked 
|  73|0x0000000084900000, 0x0000000084a00000, 0x0000000084a00000|100%| O|  |TAMS 0x0000000084a00000, 0x0000000084900000| Untracked 
|  74|0x0000000084a00000, 0x0000000084b00000, 0x0000000084b00000|100%| O|  |TAMS 0x0000000084b00000, 0x0000000084a00000| Untracked 
|  75|0x0000000084b00000, 0x0000000084c00000, 0x0000000084c00000|100%| O|  |TAMS 0x0000000084c00000, 0x0000000084b00000| Untracked 
|  76|0x0000000084c00000, 0x0000000084d00000, 0x0000000084d00000|100%| O|  |TAMS 0x0000000084d00000, 0x0000000084c00000| Untracked 
|  77|0x0000000084d00000, 0x0000000084e00000, 0x0000000084e00000|100%| O|  |TAMS 0x0000000084e00000, 0x0000000084d00000| Untracked 
|  78|0x0000000084e00000, 0x0000000084f00000, 0x0000000084f00000|100%| O|  |TAMS 0x0000000084f00000, 0x0000000084e00000| Untracked 
|  79|0x0000000084f00000, 0x0000000085000000, 0x0000000085000000|100%| O|  |TAMS 0x0000000085000000, 0x0000000084f00000| Untracked 
|  80|0x0000000085000000, 0x0000000085100000, 0x0000000085100000|100%| O|  |TAMS 0x0000000085100000, 0x0000000085000000| Untracked 
|  81|0x0000000085100000, 0x0000000085200000, 0x0000000085200000|100%| O|  |TAMS 0x0000000085200000, 0x0000000085100000| Untracked 
|  82|0x0000000085200000, 0x0000000085300000, 0x0000000085300000|100%| O|  |TAMS 0x0000000085300000, 0x0000000085200000| Untracked 
|  83|0x0000000085300000, 0x0000000085400000, 0x0000000085400000|100%| O|  |TAMS 0x0000000085400000, 0x0000000085300000| Untracked 
|  84|0x0000000085400000, 0x0000000085500000, 0x0000000085500000|100%| O|  |TAMS 0x0000000085500000, 0x0000000085400000| Untracked 
|  85|0x0000000085500000, 0x0000000085600000, 0x0000000085600000|100%| O|  |TAMS 0x0000000085600000, 0x0000000085500000| Untracked 
|  86|0x0000000085600000, 0x0000000085700000, 0x0000000085700000|100%| O|  |TAMS 0x0000000085700000, 0x0000000085600000| Untracked 
|  87|0x0000000085700000, 0x0000000085800000, 0x0000000085800000|100%| O|  |TAMS 0x0000000085800000, 0x0000000085700000| Untracked 
|  88|0x0000000085800000, 0x0000000085900000, 0x0000000085900000|100%| O|  |TAMS 0x0000000085800000, 0x0000000085800000| Untracked 
|  89|0x0000000085900000, 0x0000000085a00000, 0x0000000085a00000|100%| O|  |TAMS 0x0000000085a00000, 0x0000000085900000| Untracked 
|  90|0x0000000085a00000, 0x0000000085b00000, 0x0000000085b00000|100%| O|  |TAMS 0x0000000085b00000, 0x0000000085a00000| Untracked 
|  91|0x0000000085b00000, 0x0000000085c00000, 0x0000000085c00000|100%| O|  |TAMS 0x0000000085c00000, 0x0000000085b00000| Untracked 
|  92|0x0000000085c00000, 0x0000000085d00000, 0x0000000085d00000|100%| O|  |TAMS 0x0000000085d00000, 0x0000000085c00000| Untracked 
|  93|0x0000000085d00000, 0x0000000085e00000, 0x0000000085e00000|100%| O|  |TAMS 0x0000000085e00000, 0x0000000085d00000| Untracked 
|  94|0x0000000085e00000, 0x0000000085f00000, 0x0000000085f00000|100%| O|  |TAMS 0x0000000085f00000, 0x0000000085e00000| Untracked 
|  95|0x0000000085f00000, 0x0000000086000000, 0x0000000086000000|100%| O|  |TAMS 0x0000000086000000, 0x0000000085f00000| Untracked 
|  96|0x0000000086000000, 0x0000000086100000, 0x0000000086100000|100%| O|  |TAMS 0x0000000086100000, 0x0000000086000000| Untracked 
|  97|0x0000000086100000, 0x0000000086200000, 0x0000000086200000|100%| O|  |TAMS 0x0000000086200000, 0x0000000086100000| Untracked 
|  98|0x0000000086200000, 0x0000000086300000, 0x0000000086300000|100%| O|  |TAMS 0x0000000086300000, 0x0000000086200000| Untracked 
|  99|0x0000000086300000, 0x0000000086400000, 0x0000000086400000|100%| O|  |TAMS 0x0000000086400000, 0x0000000086300000| Untracked 
| 100|0x0000000086400000, 0x0000000086500000, 0x0000000086500000|100%| O|  |TAMS 0x0000000086500000, 0x0000000086400000| Untracked 
| 101|0x0000000086500000, 0x0000000086600000, 0x0000000086600000|100%|HS|  |TAMS 0x0000000086600000, 0x0000000086500000| Complete 
| 102|0x0000000086600000, 0x0000000086700000, 0x0000000086700000|100%|HC|  |TAMS 0x0000000086700000, 0x0000000086600000| Complete 
| 103|0x0000000086700000, 0x0000000086800000, 0x0000000086800000|100%|HS|  |TAMS 0x0000000086800000, 0x0000000086700000| Complete 
| 104|0x0000000086800000, 0x0000000086900000, 0x0000000086900000|100%|HC|  |TAMS 0x0000000086900000, 0x0000000086800000| Complete 
| 105|0x0000000086900000, 0x0000000086a00000, 0x0000000086a00000|100%|HC|  |TAMS 0x0000000086a00000, 0x0000000086900000| Complete 
| 106|0x0000000086a00000, 0x0000000086b00000, 0x0000000086b00000|100%|HS|  |TAMS 0x0000000086b00000, 0x0000000086a00000| Complete 
| 107|0x0000000086b00000, 0x0000000086c00000, 0x0000000086c00000|100%|HC|  |TAMS 0x0000000086c00000, 0x0000000086b00000| Complete 
| 108|0x0000000086c00000, 0x0000000086d00000, 0x0000000086d00000|100%|HC|  |TAMS 0x0000000086d00000, 0x0000000086c00000| Complete 
| 109|0x0000000086d00000, 0x0000000086e00000, 0x0000000086e00000|100%| O|  |TAMS 0x0000000086e00000, 0x0000000086d00000| Untracked 
| 110|0x0000000086e00000, 0x0000000086f00000, 0x0000000086f00000|100%| O|  |TAMS 0x0000000086f00000, 0x0000000086e00000| Untracked 
| 111|0x0000000086f00000, 0x0000000087000000, 0x0000000087000000|100%| O|  |TAMS 0x0000000086f55200, 0x0000000086f00000| Untracked 
| 112|0x0000000087000000, 0x0000000087100000, 0x0000000087100000|100%|HS|  |TAMS 0x0000000087100000, 0x0000000087000000| Complete 
| 113|0x0000000087100000, 0x0000000087200000, 0x0000000087200000|100%|HC|  |TAMS 0x0000000087200000, 0x0000000087100000| Complete 
| 114|0x0000000087200000, 0x0000000087300000, 0x0000000087300000|100%|HC|  |TAMS 0x0000000087300000, 0x0000000087200000| Complete 
| 115|0x0000000087300000, 0x0000000087400000, 0x0000000087400000|100%|HC|  |TAMS 0x0000000087400000, 0x0000000087300000| Complete 
| 116|0x0000000087400000, 0x0000000087500000, 0x0000000087500000|100%|HC|  |TAMS 0x0000000087500000, 0x0000000087400000| Complete 
| 117|0x0000000087500000, 0x0000000087600000, 0x0000000087600000|100%|HC|  |TAMS 0x0000000087600000, 0x0000000087500000| Complete 
| 118|0x0000000087600000, 0x0000000087700000, 0x0000000087700000|100%|HC|  |TAMS 0x0000000087700000, 0x0000000087600000| Complete 
| 119|0x0000000087700000, 0x0000000087800000, 0x0000000087800000|100%|HC|  |TAMS 0x0000000087800000, 0x0000000087700000| Complete 
| 120|0x0000000087800000, 0x0000000087900000, 0x0000000087900000|100%|HC|  |TAMS 0x0000000087900000, 0x0000000087800000| Complete 
| 121|0x0000000087900000, 0x0000000087a00000, 0x0000000087a00000|100%|HC|  |TAMS 0x0000000087a00000, 0x0000000087900000| Complete 
| 122|0x0000000087a00000, 0x0000000087b00000, 0x0000000087b00000|100%|HC|  |TAMS 0x0000000087b00000, 0x0000000087a00000| Complete 
| 123|0x0000000087b00000, 0x0000000087c00000, 0x0000000087c00000|100%|HC|  |TAMS 0x0000000087c00000, 0x0000000087b00000| Complete 
| 124|0x0000000087c00000, 0x0000000087d00000, 0x0000000087d00000|100%|HS|  |TAMS 0x0000000087d00000, 0x0000000087c00000| Complete 
| 125|0x0000000087d00000, 0x0000000087e00000, 0x0000000087e00000|100%|HC|  |TAMS 0x0000000087e00000, 0x0000000087d00000| Complete 
| 126|0x0000000087e00000, 0x0000000087f00000, 0x0000000087f00000|100%| O|  |TAMS 0x0000000087e00000, 0x0000000087e00000| Untracked 
| 127|0x0000000087f00000, 0x0000000088000000, 0x0000000088000000|100%| O|  |TAMS 0x0000000087f00000, 0x0000000087f00000| Untracked 
| 128|0x0000000088000000, 0x0000000088100000, 0x0000000088100000|100%|HS|  |TAMS 0x0000000088000000, 0x0000000088000000| Complete 
| 129|0x0000000088100000, 0x0000000088200000, 0x0000000088200000|100%|HC|  |TAMS 0x0000000088100000, 0x0000000088100000| Complete 
| 130|0x0000000088200000, 0x0000000088300000, 0x0000000088300000|100%|HC|  |TAMS 0x0000000088200000, 0x0000000088200000| Complete 
| 131|0x0000000088300000, 0x0000000088400000, 0x0000000088400000|100%|HS|  |TAMS 0x0000000088300000, 0x0000000088300000| Complete 
| 132|0x0000000088400000, 0x0000000088500000, 0x0000000088500000|100%|HC|  |TAMS 0x0000000088400000, 0x0000000088400000| Complete 
| 133|0x0000000088500000, 0x0000000088600000, 0x0000000088600000|100%|HC|  |TAMS 0x0000000088500000, 0x0000000088500000| Complete 
| 134|0x0000000088600000, 0x0000000088700000, 0x0000000088700000|100%| O|  |TAMS 0x0000000088600000, 0x0000000088600000| Untracked 
| 135|0x0000000088700000, 0x0000000088800000, 0x0000000088800000|100%| O|  |TAMS 0x0000000088700000, 0x0000000088700000| Untracked 
| 136|0x0000000088800000, 0x0000000088900000, 0x0000000088900000|100%| O|  |TAMS 0x0000000088800000, 0x0000000088800000| Untracked 
| 137|0x0000000088900000, 0x0000000088a00000, 0x0000000088a00000|100%| O|  |TAMS 0x0000000088900000, 0x0000000088900000| Untracked 
| 138|0x0000000088a00000, 0x0000000088b00000, 0x0000000088b00000|100%| O|  |TAMS 0x0000000088a00000, 0x0000000088a00000| Untracked 
| 139|0x0000000088b00000, 0x0000000088c00000, 0x0000000088c00000|100%| O|  |TAMS 0x0000000088b00000, 0x0000000088b00000| Untracked 
| 140|0x0000000088c00000, 0x0000000088d00000, 0x0000000088d00000|100%| O|  |TAMS 0x0000000088c00000, 0x0000000088c00000| Untracked 
| 141|0x0000000088d00000, 0x0000000088e00000, 0x0000000088e00000|100%| O|  |TAMS 0x0000000088d00000, 0x0000000088d00000| Untracked 
| 142|0x0000000088e00000, 0x0000000088f00000, 0x0000000088f00000|100%| O|  |TAMS 0x0000000088e00000, 0x0000000088e00000| Untracked 
| 143|0x0000000088f00000, 0x0000000089000000, 0x0000000089000000|100%| O|  |TAMS 0x0000000088f00000, 0x0000000088f00000| Untracked 
| 144|0x0000000089000000, 0x0000000089100000, 0x0000000089100000|100%|HS|  |TAMS 0x0000000089000000, 0x0000000089000000| Complete 
| 145|0x0000000089100000, 0x0000000089200000, 0x0000000089200000|100%|HC|  |TAMS 0x0000000089100000, 0x0000000089100000| Complete 
| 146|0x0000000089200000, 0x0000000089300000, 0x0000000089300000|100%|HC|  |TAMS 0x0000000089200000, 0x0000000089200000| Complete 
| 147|0x0000000089300000, 0x0000000089400000, 0x0000000089400000|100%|HC|  |TAMS 0x0000000089300000, 0x0000000089300000| Complete 
| 148|0x0000000089400000, 0x0000000089500000, 0x0000000089500000|100%|HS|  |TAMS 0x0000000089400000, 0x0000000089400000| Complete 
| 149|0x0000000089500000, 0x0000000089600000, 0x0000000089600000|100%|HS|  |TAMS 0x0000000089500000, 0x0000000089500000| Complete 
| 150|0x0000000089600000, 0x0000000089700000, 0x0000000089700000|100%|HC|  |TAMS 0x0000000089600000, 0x0000000089600000| Complete 
| 151|0x0000000089700000, 0x0000000089800000, 0x0000000089800000|100%|HS|  |TAMS 0x0000000089700000, 0x0000000089700000| Complete 
| 152|0x0000000089800000, 0x0000000089900000, 0x0000000089900000|100%|HC|  |TAMS 0x0000000089800000, 0x0000000089800000| Complete 
| 153|0x0000000089900000, 0x0000000089a00000, 0x0000000089a00000|100%|HC|  |TAMS 0x0000000089900000, 0x0000000089900000| Complete 
| 154|0x0000000089a00000, 0x0000000089b00000, 0x0000000089b00000|100%| O|  |TAMS 0x0000000089a00000, 0x0000000089a00000| Untracked 
| 155|0x0000000089b00000, 0x0000000089c00000, 0x0000000089c00000|100%| O|  |TAMS 0x0000000089b00000, 0x0000000089b00000| Untracked 
| 156|0x0000000089c00000, 0x0000000089d00000, 0x0000000089d00000|100%| O|  |TAMS 0x0000000089c00000, 0x0000000089c00000| Untracked 
| 157|0x0000000089d00000, 0x0000000089e00000, 0x0000000089e00000|100%| O|  |TAMS 0x0000000089d00000, 0x0000000089d00000| Untracked 
| 158|0x0000000089e00000, 0x0000000089f00000, 0x0000000089f00000|100%| O|  |TAMS 0x0000000089e00000, 0x0000000089e00000| Untracked 
| 159|0x0000000089f00000, 0x000000008a000000, 0x000000008a000000|100%| O|  |TAMS 0x0000000089f00000, 0x0000000089f00000| Untracked 
| 160|0x000000008a000000, 0x000000008a100000, 0x000000008a100000|100%| O|  |TAMS 0x000000008a000000, 0x000000008a000000| Untracked 
| 161|0x000000008a100000, 0x000000008a200000, 0x000000008a200000|100%| O|  |TAMS 0x000000008a100000, 0x000000008a100000| Untracked 
| 162|0x000000008a200000, 0x000000008a300000, 0x000000008a300000|100%| O|  |TAMS 0x000000008a200000, 0x000000008a200000| Untracked 
| 163|0x000000008a300000, 0x000000008a400000, 0x000000008a400000|100%| O|  |TAMS 0x000000008a300000, 0x000000008a300000| Untracked 
| 164|0x000000008a400000, 0x000000008a500000, 0x000000008a500000|100%| O|  |TAMS 0x000000008a400000, 0x000000008a400000| Untracked 
| 165|0x000000008a500000, 0x000000008a600000, 0x000000008a600000|100%| O|  |TAMS 0x000000008a500000, 0x000000008a500000| Untracked 
| 166|0x000000008a600000, 0x000000008a700000, 0x000000008a700000|100%| O|  |TAMS 0x000000008a600000, 0x000000008a600000| Untracked 
| 167|0x000000008a700000, 0x000000008a800000, 0x000000008a800000|100%| O|  |TAMS 0x000000008a700000, 0x000000008a700000| Untracked 
| 168|0x000000008a800000, 0x000000008a900000, 0x000000008a900000|100%| O|  |TAMS 0x000000008a800000, 0x000000008a800000| Untracked 
| 169|0x000000008a900000, 0x000000008aa00000, 0x000000008aa00000|100%| O|  |TAMS 0x000000008a900000, 0x000000008a900000| Untracked 
| 170|0x000000008aa00000, 0x000000008ab00000, 0x000000008ab00000|100%| O|  |TAMS 0x000000008aa00000, 0x000000008aa00000| Untracked 
| 171|0x000000008ab00000, 0x000000008ac00000, 0x000000008ac00000|100%| O|  |TAMS 0x000000008ab00000, 0x000000008ab00000| Untracked 
| 172|0x000000008ac00000, 0x000000008ad00000, 0x000000008ad00000|100%| O|  |TAMS 0x000000008ac00000, 0x000000008ac00000| Untracked 
| 173|0x000000008ad00000, 0x000000008ae00000, 0x000000008ae00000|100%| O|  |TAMS 0x000000008ad00000, 0x000000008ad00000| Untracked 
| 174|0x000000008ae00000, 0x000000008af00000, 0x000000008af00000|100%| O|  |TAMS 0x000000008ae00000, 0x000000008ae00000| Untracked 
| 175|0x000000008af00000, 0x000000008b000000, 0x000000008b000000|100%| O|  |TAMS 0x000000008af00000, 0x000000008af00000| Untracked 
| 176|0x000000008b000000, 0x000000008b100000, 0x000000008b100000|100%| O|  |TAMS 0x000000008b000000, 0x000000008b000000| Untracked 
| 177|0x000000008b100000, 0x000000008b200000, 0x000000008b200000|100%| O|  |TAMS 0x000000008b100000, 0x000000008b100000| Untracked 
| 178|0x000000008b200000, 0x000000008b300000, 0x000000008b300000|100%| O|  |TAMS 0x000000008b200000, 0x000000008b200000| Untracked 
| 179|0x000000008b300000, 0x000000008b400000, 0x000000008b400000|100%| O|  |TAMS 0x000000008b300000, 0x000000008b300000| Untracked 
| 180|0x000000008b400000, 0x000000008b500000, 0x000000008b500000|100%| O|  |TAMS 0x000000008b400000, 0x000000008b400000| Untracked 
| 181|0x000000008b500000, 0x000000008b600000, 0x000000008b600000|100%| O|  |TAMS 0x000000008b500000, 0x000000008b500000| Untracked 
| 182|0x000000008b600000, 0x000000008b700000, 0x000000008b700000|100%| O|  |TAMS 0x000000008b600000, 0x000000008b600000| Untracked 
| 183|0x000000008b700000, 0x000000008b800000, 0x000000008b800000|100%| O|  |TAMS 0x000000008b700000, 0x000000008b700000| Untracked 
| 184|0x000000008b800000, 0x000000008b900000, 0x000000008b900000|100%| O|  |TAMS 0x000000008b800000, 0x000000008b800000| Untracked 
| 185|0x000000008b900000, 0x000000008ba00000, 0x000000008ba00000|100%| O|  |TAMS 0x000000008b900000, 0x000000008b900000| Untracked 
| 186|0x000000008ba00000, 0x000000008bb00000, 0x000000008bb00000|100%| O|  |TAMS 0x000000008ba00000, 0x000000008ba00000| Untracked 
| 187|0x000000008bb00000, 0x000000008bc00000, 0x000000008bc00000|100%| O|  |TAMS 0x000000008bb00000, 0x000000008bb00000| Untracked 
| 188|0x000000008bc00000, 0x000000008bd00000, 0x000000008bd00000|100%| O|  |TAMS 0x000000008bc00000, 0x000000008bc00000| Untracked 
| 189|0x000000008bd00000, 0x000000008be00000, 0x000000008be00000|100%| O|  |TAMS 0x000000008bd00000, 0x000000008bd00000| Untracked 
| 190|0x000000008be00000, 0x000000008bf00000, 0x000000008bf00000|100%| O|  |TAMS 0x000000008be00000, 0x000000008be00000| Untracked 
| 191|0x000000008bf00000, 0x000000008c000000, 0x000000008c000000|100%| O|  |TAMS 0x000000008bf00000, 0x000000008bf00000| Untracked 
| 192|0x000000008c000000, 0x000000008c100000, 0x000000008c100000|100%| O|  |TAMS 0x000000008c000000, 0x000000008c000000| Untracked 
| 193|0x000000008c100000, 0x000000008c200000, 0x000000008c200000|100%| O|  |TAMS 0x000000008c100000, 0x000000008c100000| Untracked 
| 194|0x000000008c200000, 0x000000008c300000, 0x000000008c300000|100%| O|  |TAMS 0x000000008c200000, 0x000000008c200000| Untracked 
| 195|0x000000008c300000, 0x000000008c400000, 0x000000008c400000|100%| O|  |TAMS 0x000000008c300000, 0x000000008c300000| Untracked 
| 196|0x000000008c400000, 0x000000008c500000, 0x000000008c500000|100%| O|  |TAMS 0x000000008c400000, 0x000000008c400000| Untracked 
| 197|0x000000008c500000, 0x000000008c600000, 0x000000008c600000|100%| O|  |TAMS 0x000000008c500000, 0x000000008c500000| Untracked 
| 198|0x000000008c600000, 0x000000008c700000, 0x000000008c700000|100%| O|  |TAMS 0x000000008c600000, 0x000000008c600000| Untracked 
| 199|0x000000008c700000, 0x000000008c800000, 0x000000008c800000|100%| O|  |TAMS 0x000000008c700000, 0x000000008c700000| Untracked 
| 200|0x000000008c800000, 0x000000008c900000, 0x000000008c900000|100%| O|  |TAMS 0x000000008c800000, 0x000000008c800000| Untracked 
| 201|0x000000008c900000, 0x000000008ca00000, 0x000000008ca00000|100%| O|  |TAMS 0x000000008c900000, 0x000000008c900000| Untracked 
| 202|0x000000008ca00000, 0x000000008cb00000, 0x000000008cb00000|100%| O|  |TAMS 0x000000008ca00000, 0x000000008ca00000| Untracked 
| 203|0x000000008cb00000, 0x000000008cc00000, 0x000000008cc00000|100%| O|  |TAMS 0x000000008cb00000, 0x000000008cb00000| Untracked 
| 204|0x000000008cc00000, 0x000000008cd00000, 0x000000008cd00000|100%| O|  |TAMS 0x000000008cc00000, 0x000000008cc00000| Untracked 
| 205|0x000000008cd00000, 0x000000008ce00000, 0x000000008ce00000|100%| O|  |TAMS 0x000000008cd00000, 0x000000008cd00000| Untracked 
| 206|0x000000008ce00000, 0x000000008cf00000, 0x000000008cf00000|100%| O|  |TAMS 0x000000008ce00000, 0x000000008ce00000| Untracked 
| 207|0x000000008cf00000, 0x000000008d000000, 0x000000008d000000|100%| O|  |TAMS 0x000000008cf00000, 0x000000008cf00000| Untracked 
| 208|0x000000008d000000, 0x000000008d100000, 0x000000008d100000|100%| O|  |TAMS 0x000000008d000000, 0x000000008d000000| Untracked 
| 209|0x000000008d100000, 0x000000008d200000, 0x000000008d200000|100%| O|  |TAMS 0x000000008d100000, 0x000000008d100000| Untracked 
| 210|0x000000008d200000, 0x000000008d300000, 0x000000008d300000|100%| O|  |TAMS 0x000000008d200000, 0x000000008d200000| Untracked 
| 211|0x000000008d300000, 0x000000008d400000, 0x000000008d400000|100%| O|  |TAMS 0x000000008d300000, 0x000000008d300000| Untracked 
| 212|0x000000008d400000, 0x000000008d500000, 0x000000008d500000|100%| O|  |TAMS 0x000000008d400000, 0x000000008d400000| Untracked 
| 213|0x000000008d500000, 0x000000008d600000, 0x000000008d600000|100%| O|  |TAMS 0x000000008d500000, 0x000000008d500000| Untracked 
| 214|0x000000008d600000, 0x000000008d700000, 0x000000008d700000|100%| O|  |TAMS 0x000000008d600000, 0x000000008d600000| Untracked 
| 215|0x000000008d700000, 0x000000008d800000, 0x000000008d800000|100%| O|  |TAMS 0x000000008d700000, 0x000000008d700000| Untracked 
| 216|0x000000008d800000, 0x000000008d900000, 0x000000008d900000|100%| O|  |TAMS 0x000000008d800000, 0x000000008d800000| Untracked 
| 217|0x000000008d900000, 0x000000008da00000, 0x000000008da00000|100%| O|  |TAMS 0x000000008d900000, 0x000000008d900000| Untracked 
| 218|0x000000008da00000, 0x000000008db00000, 0x000000008db00000|100%| O|  |TAMS 0x000000008da00000, 0x000000008da00000| Untracked 
| 219|0x000000008db00000, 0x000000008dc00000, 0x000000008dc00000|100%| O|  |TAMS 0x000000008db00000, 0x000000008db00000| Untracked 
| 220|0x000000008dc00000, 0x000000008dd00000, 0x000000008dd00000|100%| O|  |TAMS 0x000000008dc00000, 0x000000008dc00000| Untracked 
| 221|0x000000008dd00000, 0x000000008de00000, 0x000000008de00000|100%| O|  |TAMS 0x000000008dd00000, 0x000000008dd00000| Untracked 
| 222|0x000000008de00000, 0x000000008df00000, 0x000000008df00000|100%| O|  |TAMS 0x000000008de00000, 0x000000008de00000| Untracked 
| 223|0x000000008df00000, 0x000000008e000000, 0x000000008e000000|100%| O|  |TAMS 0x000000008df00000, 0x000000008df00000| Untracked 
| 224|0x000000008e000000, 0x000000008e100000, 0x000000008e100000|100%| O|  |TAMS 0x000000008e000000, 0x000000008e000000| Untracked 
| 225|0x000000008e100000, 0x000000008e200000, 0x000000008e200000|100%| O|  |TAMS 0x000000008e100000, 0x000000008e100000| Untracked 
| 226|0x000000008e200000, 0x000000008e300000, 0x000000008e300000|100%| O|  |TAMS 0x000000008e200000, 0x000000008e200000| Untracked 
| 227|0x000000008e300000, 0x000000008e400000, 0x000000008e400000|100%| O|  |TAMS 0x000000008e300000, 0x000000008e300000| Untracked 
| 228|0x000000008e400000, 0x000000008e500000, 0x000000008e500000|100%| O|  |TAMS 0x000000008e400000, 0x000000008e400000| Untracked 
| 229|0x000000008e500000, 0x000000008e500000, 0x000000008e600000|  0%| F|  |TAMS 0x000000008e500000, 0x000000008e500000| Untracked 
| 230|0x000000008e600000, 0x000000008e700000, 0x000000008e700000|100%| O|  |TAMS 0x000000008e600000, 0x000000008e600000| Untracked 
| 231|0x000000008e700000, 0x000000008e78e600, 0x000000008e800000| 55%| O|  |TAMS 0x000000008e700000, 0x000000008e700000| Untracked 
| 232|0x000000008e800000, 0x000000008e800000, 0x000000008e900000|  0%| F|  |TAMS 0x000000008e800000, 0x000000008e800000| Untracked 
| 233|0x000000008e900000, 0x000000008e900000, 0x000000008ea00000|  0%| F|  |TAMS 0x000000008e900000, 0x000000008e900000| Untracked 
| 234|0x000000008ea00000, 0x000000008ea00000, 0x000000008eb00000|  0%| F|  |TAMS 0x000000008ea00000, 0x000000008ea00000| Untracked 
| 235|0x000000008eb00000, 0x000000008eb00000, 0x000000008ec00000|  0%| F|  |TAMS 0x000000008eb00000, 0x000000008eb00000| Untracked 
| 236|0x000000008ec00000, 0x000000008ec00000, 0x000000008ed00000|  0%| F|  |TAMS 0x000000008ec00000, 0x000000008ec00000| Untracked 
| 237|0x000000008ed00000, 0x000000008ed00000, 0x000000008ee00000|  0%| F|  |TAMS 0x000000008ed00000, 0x000000008ed00000| Untracked 
| 238|0x000000008ee00000, 0x000000008ee00000, 0x000000008ef00000|  0%| F|  |TAMS 0x000000008ee00000, 0x000000008ee00000| Untracked 
| 239|0x000000008ef00000, 0x000000008ef00000, 0x000000008f000000|  0%| F|  |TAMS 0x000000008ef00000, 0x000000008ef00000| Untracked 
| 240|0x000000008f000000, 0x000000008f000000, 0x000000008f100000|  0%| F|  |TAMS 0x000000008f000000, 0x000000008f000000| Untracked 
| 241|0x000000008f100000, 0x000000008f100000, 0x000000008f200000|  0%| F|  |TAMS 0x000000008f100000, 0x000000008f100000| Untracked 
| 242|0x000000008f200000, 0x000000008f200000, 0x000000008f300000|  0%| F|  |TAMS 0x000000008f200000, 0x000000008f200000| Untracked 
| 243|0x000000008f300000, 0x000000008f300000, 0x000000008f400000|  0%| F|  |TAMS 0x000000008f300000, 0x000000008f300000| Untracked 
| 244|0x000000008f400000, 0x000000008f400000, 0x000000008f500000|  0%| F|  |TAMS 0x000000008f400000, 0x000000008f400000| Untracked 
| 245|0x000000008f500000, 0x000000008f500000, 0x000000008f600000|  0%| F|  |TAMS 0x000000008f500000, 0x000000008f500000| Untracked 
| 246|0x000000008f600000, 0x000000008f600000, 0x000000008f700000|  0%| F|  |TAMS 0x000000008f600000, 0x000000008f600000| Untracked 
| 247|0x000000008f700000, 0x000000008f700000, 0x000000008f800000|  0%| F|  |TAMS 0x000000008f700000, 0x000000008f700000| Untracked 
| 248|0x000000008f800000, 0x000000008f800000, 0x000000008f900000|  0%| F|  |TAMS 0x000000008f800000, 0x000000008f800000| Untracked 
| 249|0x000000008f900000, 0x000000008f900000, 0x000000008fa00000|  0%| F|  |TAMS 0x000000008f900000, 0x000000008f900000| Untracked 
| 250|0x000000008fa00000, 0x000000008fa00000, 0x000000008fb00000|  0%| F|  |TAMS 0x000000008fa00000, 0x000000008fa00000| Untracked 
| 251|0x000000008fb00000, 0x000000008fb00000, 0x000000008fc00000|  0%| F|  |TAMS 0x000000008fb00000, 0x000000008fb00000| Untracked 
| 252|0x000000008fc00000, 0x000000008fc00000, 0x000000008fd00000|  0%| F|  |TAMS 0x000000008fc00000, 0x000000008fc00000| Untracked 
| 253|0x000000008fd00000, 0x000000008fd00000, 0x000000008fe00000|  0%| F|  |TAMS 0x000000008fd00000, 0x000000008fd00000| Untracked 
| 254|0x000000008fe00000, 0x000000008fe00000, 0x000000008ff00000|  0%| F|  |TAMS 0x000000008fe00000, 0x000000008fe00000| Untracked 
| 255|0x000000008ff00000, 0x000000008ff00000, 0x0000000090000000|  0%| F|  |TAMS 0x000000008ff00000, 0x000000008ff00000| Untracked 
| 256|0x0000000090000000, 0x0000000090000000, 0x0000000090100000|  0%| F|  |TAMS 0x0000000090000000, 0x0000000090000000| Untracked 
| 257|0x0000000090100000, 0x0000000090100000, 0x0000000090200000|  0%| F|  |TAMS 0x0000000090100000, 0x0000000090100000| Untracked 
| 258|0x0000000090200000, 0x0000000090200000, 0x0000000090300000|  0%| F|  |TAMS 0x0000000090200000, 0x0000000090200000| Untracked 
| 259|0x0000000090300000, 0x0000000090300000, 0x0000000090400000|  0%| F|  |TAMS 0x0000000090300000, 0x0000000090300000| Untracked 
| 260|0x0000000090400000, 0x0000000090400000, 0x0000000090500000|  0%| F|  |TAMS 0x0000000090400000, 0x0000000090400000| Untracked 
| 261|0x0000000090500000, 0x0000000090500000, 0x0000000090600000|  0%| F|  |TAMS 0x0000000090500000, 0x0000000090500000| Untracked 
| 262|0x0000000090600000, 0x0000000090600000, 0x0000000090700000|  0%| F|  |TAMS 0x0000000090600000, 0x0000000090600000| Untracked 
| 263|0x0000000090700000, 0x0000000090700000, 0x0000000090800000|  0%| F|  |TAMS 0x0000000090700000, 0x0000000090700000| Untracked 
| 264|0x0000000090800000, 0x0000000090800000, 0x0000000090900000|  0%| F|  |TAMS 0x0000000090800000, 0x0000000090800000| Untracked 
| 265|0x0000000090900000, 0x000000009098cad8, 0x0000000090a00000| 54%| S|CS|TAMS 0x0000000090900000, 0x0000000090900000| Complete 
| 266|0x0000000090a00000, 0x0000000090b00000, 0x0000000090b00000|100%| S|CS|TAMS 0x0000000090a00000, 0x0000000090a00000| Complete 
| 267|0x0000000090b00000, 0x0000000090c00000, 0x0000000090c00000|100%| S|CS|TAMS 0x0000000090b00000, 0x0000000090b00000| Complete 
| 268|0x0000000090c00000, 0x0000000090c00000, 0x0000000090d00000|  0%| F|  |TAMS 0x0000000090c00000, 0x0000000090c00000| Untracked 
| 269|0x0000000090d00000, 0x0000000090d00000, 0x0000000090e00000|  0%| F|  |TAMS 0x0000000090d00000, 0x0000000090d00000| Untracked 
| 270|0x0000000090e00000, 0x0000000090e00000, 0x0000000090f00000|  0%| F|  |TAMS 0x0000000090e00000, 0x0000000090e00000| Untracked 
| 271|0x0000000090f00000, 0x0000000090f00000, 0x0000000091000000|  0%| F|  |TAMS 0x0000000090f00000, 0x0000000090f00000| Untracked 
| 272|0x0000000091000000, 0x0000000091000000, 0x0000000091100000|  0%| F|  |TAMS 0x0000000091000000, 0x0000000091000000| Untracked 
| 273|0x0000000091100000, 0x0000000091100000, 0x0000000091200000|  0%| F|  |TAMS 0x0000000091100000, 0x0000000091100000| Untracked 
| 274|0x0000000091200000, 0x0000000091200000, 0x0000000091300000|  0%| F|  |TAMS 0x0000000091200000, 0x0000000091200000| Untracked 
| 275|0x0000000091300000, 0x0000000091382060, 0x0000000091400000| 50%| E|  |TAMS 0x0000000091300000, 0x0000000091300000| Complete 
| 276|0x0000000091400000, 0x0000000091500000, 0x0000000091500000|100%| E|CS|TAMS 0x0000000091400000, 0x0000000091400000| Complete 
| 277|0x0000000091500000, 0x0000000091600000, 0x0000000091600000|100%| E|CS|TAMS 0x0000000091500000, 0x0000000091500000| Complete 
| 278|0x0000000091600000, 0x0000000091700000, 0x0000000091700000|100%| E|CS|TAMS 0x0000000091600000, 0x0000000091600000| Complete 
| 279|0x0000000091700000, 0x0000000091800000, 0x0000000091800000|100%| E|CS|TAMS 0x0000000091700000, 0x0000000091700000| Complete 
| 280|0x0000000091800000, 0x0000000091900000, 0x0000000091900000|100%| E|CS|TAMS 0x0000000091800000, 0x0000000091800000| Complete 
| 281|0x0000000091900000, 0x0000000091a00000, 0x0000000091a00000|100%| E|CS|TAMS 0x0000000091900000, 0x0000000091900000| Complete 
| 282|0x0000000091a00000, 0x0000000091b00000, 0x0000000091b00000|100%| E|CS|TAMS 0x0000000091a00000, 0x0000000091a00000| Complete 
| 283|0x0000000091b00000, 0x0000000091c00000, 0x0000000091c00000|100%| E|  |TAMS 0x0000000091b00000, 0x0000000091b00000| Complete 
| 284|0x0000000091c00000, 0x0000000091d00000, 0x0000000091d00000|100%| E|CS|TAMS 0x0000000091c00000, 0x0000000091c00000| Complete 
| 285|0x0000000091d00000, 0x0000000091e00000, 0x0000000091e00000|100%| E|CS|TAMS 0x0000000091d00000, 0x0000000091d00000| Complete 
| 286|0x0000000091e00000, 0x0000000091f00000, 0x0000000091f00000|100%| E|CS|TAMS 0x0000000091e00000, 0x0000000091e00000| Complete 
| 287|0x0000000091f00000, 0x0000000092000000, 0x0000000092000000|100%| E|CS|TAMS 0x0000000091f00000, 0x0000000091f00000| Complete 
| 288|0x0000000092000000, 0x0000000092100000, 0x0000000092100000|100%| E|CS|TAMS 0x0000000092000000, 0x0000000092000000| Complete 
| 289|0x0000000092100000, 0x0000000092200000, 0x0000000092200000|100%| E|CS|TAMS 0x0000000092100000, 0x0000000092100000| Complete 
| 290|0x0000000092200000, 0x0000000092300000, 0x0000000092300000|100%| E|CS|TAMS 0x0000000092200000, 0x0000000092200000| Complete 

Card table byte_map: [0x0000019475220000,0x0000019475620000] _byte_map_base: 0x0000019474e20000

Marking Bits (Prev, Next): (CMBitMap*) 0x00000194629b0e50, (CMBitMap*) 0x00000194629b0e90
 Prev Bits: [0x0000019475a20000, 0x0000019477a20000)
 Next Bits: [0x0000019477a20000, 0x0000019479a20000)

Polling page: 0x0000019460af0000

Metaspace:

Usage:
  Non-class:    159.10 MB used.
      Class:     23.57 MB used.
       Both:    182.67 MB used.

Virtual space:
  Non-class space:      168.00 MB reserved,     159.62 MB ( 95%) committed,  21 nodes.
      Class space:        1.00 GB reserved,      24.06 MB (  2%) committed,  1 nodes.
             Both:        1.16 GB reserved,     183.69 MB ( 15%) committed. 

Chunk freelists:
   Non-Class:  3.89 MB
       Class:  3.94 MB
        Both:  7.83 MB

MaxMetaspaceSize: unlimited
CompressedClassSpaceSize: 1.00 GB
Initial GC threshold: 21.00 MB
Current GC threshold: 184.00 MB
CDS: off
MetaspaceReclaimPolicy: balanced
 - commit_granule_bytes: 65536.
 - commit_granule_words: 8192.
 - virtual_space_node_default_size: 1048576.
 - enlarge_chunks_in_place: 1.
 - new_chunks_are_fully_committed: 0.
 - uncommit_free_chunks: 1.
 - use_allocation_guard: 0.
 - handle_deallocations: 1.


Internal statistics:

num_allocs_failed_limit: 9.
num_arena_births: 1534.
num_arena_deaths: 4.
num_vsnodes_births: 22.
num_vsnodes_deaths: 0.
num_space_committed: 2934.
num_space_uncommitted: 0.
num_chunks_returned_to_freelist: 15.
num_chunks_taken_from_freelist: 8340.
num_chunk_merges: 11.
num_chunk_splits: 6085.
num_chunks_enlarged: 4606.
num_purges: 2.
num_inconsistent_stats: 0.

CodeHeap 'non-profiled nmethods': size=120000Kb used=11527Kb max_used=11527Kb free=108472Kb
 bounds [0x000001946d8f0000, 0x000001946e440000, 0x0000019474e20000]
CodeHeap 'profiled nmethods': size=120000Kb used=38619Kb max_used=38619Kb free=81380Kb
 bounds [0x0000019465e20000, 0x00000194683e0000, 0x000001946d350000]
CodeHeap 'non-nmethods': size=5760Kb used=2582Kb max_used=2711Kb free=3177Kb
 bounds [0x000001946d350000, 0x000001946d620000, 0x000001946d8f0000]
 total_blobs=19088 nmethods=17935 adapters=1062
 compilation: enabled
              stopped_count=0, restarted_count=0
 full_count=0

Compilation events (20 events):
Event: 362.235 Thread 0x000001947c96d850 21273       3       com.google.common.collect.ArrayListMultimapGwtSerializationDependencies::<init> (6 bytes)
Event: 362.235 Thread 0x000001947c96d850 nmethod 21273 0x00000194683c7210 code [0x00000194683c7400, 0x00000194683c78f8]
Event: 362.235 Thread 0x000001947c96d850 21277   !   3       org.gradle.api.internal.artifacts.ivyservice.resolveengine.result.CachingComponentSelectionDescriptorFactory::newDescriptor (42 bytes)
Event: 362.236 Thread 0x000001947c96d850 nmethod 21277 0x00000194683c7b10 code [0x00000194683c7d60, 0x00000194683c87c8]
Event: 362.236 Thread 0x000001947c96d850 21274       3       org.gradle.api.internal.artifacts.DefaultImmutableModuleIdentifierFactory::moduleWithVersion (16 bytes)
Event: 362.237 Thread 0x000001947c96d850 nmethod 21274 0x00000194683c8c10 code [0x00000194683c8dc0, 0x00000194683c8f78]
Event: 362.237 Thread 0x000001947c96d850 21276       3       org.gradle.api.internal.artifacts.ivyservice.resolveengine.result.ComponentResultSerializer::read (118 bytes)
Event: 362.238 Thread 0x000001947c96d850 nmethod 21276 0x00000194683c9090 code [0x00000194683c93a0, 0x00000194683ca388]
Event: 362.240 Thread 0x000001947c96d850 21279       1       com.android.build.gradle.internal.utils.ViolatingPluginDetector::access$getPluginToSearch$p (5 bytes)
Event: 362.240 Thread 0x000001947c96d850 nmethod 21279 0x000001946e431710 code [0x000001946e4318a0, 0x000001946e431958]
Event: 362.240 Thread 0x000001947c96d850 21280       1       com.android.build.gradle.internal.utils.DependencyInfo::getDependencyGroup (5 bytes)
Event: 362.240 Thread 0x000001947c96d850 nmethod 21280 0x000001946e431a10 code [0x000001946e431ba0, 0x000001946e431c78]
Event: 362.242 Thread 0x000001947c96d850 21281       3       com.android.build.gradle.internal.utils.ViolatingPluginDetector$detect$violatingPlugins$1::invoke (9 bytes)
Event: 362.242 Thread 0x000001947c96d850 nmethod 21281 0x00000194683cab90 code [0x00000194683cad40, 0x00000194683caf88]
Event: 362.243 Thread 0x000001947c96d850 21282       3       com.android.build.gradle.internal.utils.ViolatingPluginDetector$detect$violatingPlugins$1::invoke (94 bytes)
Event: 362.245 Thread 0x000001947c96d850 nmethod 21282 0x00000194683cb090 code [0x00000194683cb380, 0x00000194683cc358]
Event: 362.245 Thread 0x000001947c96d850 21283       3       org.gradle.api.internal.artifacts.DefaultResolverResults::maybeRethrowFatalError (13 bytes)
Event: 362.245 Thread 0x000001947c96d850 nmethod 21283 0x00000194683cc990 code [0x00000194683ccb20, 0x00000194683ccc78]
Event: 362.366 Thread 0x000001947c96d850 21284       3       jdk.internal.jimage.ImageStringsReader::stringFromByteBufferMatches (138 bytes)
Event: 362.368 Thread 0x000001947c96d850 nmethod 21284 0x00000194683ccd10 code [0x00000194683cd000, 0x00000194683ce208]

GC Heap History (20 events):
Event: 335.093 GC heap before
{Heap before GC invocations=70 (full 0):
 garbage-first heap   total 247808K, used 221840K [0x0000000080000000, 0x0000000100000000)
  region size 1024K, 15 young (15360K), 3 survivors (3072K)
 Metaspace       used 173527K, committed 174656K, reserved 1204224K
  class space    used 22361K, committed 22912K, reserved 1048576K
}
Event: 335.099 GC heap after
{Heap after GC invocations=71 (full 0):
 garbage-first heap   total 247808K, used 204402K [0x0000000080000000, 0x0000000100000000)
  region size 1024K, 1 young (1024K), 1 survivors (1024K)
 Metaspace       used 173527K, committed 174656K, reserved 1204224K
  class space    used 22361K, committed 22912K, reserved 1048576K
}
Event: 335.372 GC heap before
{Heap before GC invocations=71 (full 0):
 garbage-first heap   total 247808K, used 216690K [0x0000000080000000, 0x0000000100000000)
  region size 1024K, 13 young (13312K), 1 survivors (1024K)
 Metaspace       used 174855K, committed 175936K, reserved 1204224K
  class space    used 22522K, committed 23040K, reserved 1048576K
}
Event: 335.380 GC heap after
{Heap after GC invocations=72 (full 0):
 garbage-first heap   total 297984K, used 205141K [0x0000000080000000, 0x0000000100000000)
  region size 1024K, 2 young (2048K), 2 survivors (2048K)
 Metaspace       used 174855K, committed 175936K, reserved 1204224K
  class space    used 22522K, committed 23040K, reserved 1048576K
}
Event: 338.543 GC heap before
{Heap before GC invocations=72 (full 0):
 garbage-first heap   total 297984K, used 255317K [0x0000000080000000, 0x0000000100000000)
  region size 1024K, 52 young (53248K), 2 survivors (2048K)
 Metaspace       used 176519K, committed 177600K, reserved 1204224K
  class space    used 22726K, committed 23232K, reserved 1048576K
}
Event: 338.570 GC heap after
{Heap after GC invocations=73 (full 0):
 garbage-first heap   total 297984K, used 215842K [0x0000000080000000, 0x0000000100000000)
  region size 1024K, 7 young (7168K), 7 survivors (7168K)
 Metaspace       used 176519K, committed 177600K, reserved 1204224K
  class space    used 22726K, committed 23232K, reserved 1048576K
}
Event: 341.665 GC heap before
{Heap before GC invocations=73 (full 0):
 garbage-first heap   total 297984K, used 252706K [0x0000000080000000, 0x0000000100000000)
  region size 1024K, 42 young (43008K), 7 survivors (7168K)
 Metaspace       used 176575K, committed 177664K, reserved 1204224K
  class space    used 22726K, committed 23232K, reserved 1048576K
}
Event: 342.708 GC heap after
{Heap after GC invocations=74 (full 0):
 garbage-first heap   total 297984K, used 223430K [0x0000000080000000, 0x0000000100000000)
  region size 1024K, 6 young (6144K), 6 survivors (6144K)
 Metaspace       used 176575K, committed 177664K, reserved 1204224K
  class space    used 22726K, committed 23232K, reserved 1048576K
}
Event: 344.716 GC heap before
{Heap before GC invocations=74 (full 0):
 garbage-first heap   total 297984K, used 248006K [0x0000000080000000, 0x0000000100000000)
  region size 1024K, 30 young (30720K), 6 survivors (6144K)
 Metaspace       used 176589K, committed 177664K, reserved 1204224K
  class space    used 22726K, committed 23232K, reserved 1048576K
}
Event: 344.749 GC heap after
{Heap after GC invocations=75 (full 0):
 garbage-first heap   total 297984K, used 226902K [0x0000000080000000, 0x0000000100000000)
  region size 1024K, 3 young (3072K), 3 survivors (3072K)
 Metaspace       used 176589K, committed 177664K, reserved 1204224K
  class space    used 22726K, committed 23232K, reserved 1048576K
}
Event: 354.998 GC heap before
{Heap before GC invocations=75 (full 0):
 garbage-first heap   total 297984K, used 253526K [0x0000000080000000, 0x0000000100000000)
  region size 1024K, 29 young (29696K), 3 survivors (3072K)
 Metaspace       used 176593K, committed 177664K, reserved 1204224K
  class space    used 22727K, committed 23232K, reserved 1048576K
}
Event: 355.019 GC heap after
{Heap after GC invocations=76 (full 0):
 garbage-first heap   total 297984K, used 229873K [0x0000000080000000, 0x0000000100000000)
  region size 1024K, 3 young (3072K), 3 survivors (3072K)
 Metaspace       used 176593K, committed 177664K, reserved 1204224K
  class space    used 22727K, committed 23232K, reserved 1048576K
}
Event: 356.227 GC heap before
{Heap before GC invocations=76 (full 0):
 garbage-first heap   total 297984K, used 255473K [0x0000000080000000, 0x0000000100000000)
  region size 1024K, 28 young (28672K), 3 survivors (3072K)
 Metaspace       used 177446K, committed 178560K, reserved 1212416K
  class space    used 22769K, committed 23296K, reserved 1048576K
}
Event: 356.241 GC heap after
{Heap after GC invocations=77 (full 0):
 garbage-first heap   total 297984K, used 233959K [0x0000000080000000, 0x0000000100000000)
  region size 1024K, 4 young (4096K), 4 survivors (4096K)
 Metaspace       used 177446K, committed 178560K, reserved 1212416K
  class space    used 22769K, committed 23296K, reserved 1048576K
}
Event: 357.552 GC heap before
{Heap before GC invocations=77 (full 0):
 garbage-first heap   total 297984K, used 255463K [0x0000000080000000, 0x0000000100000000)
  region size 1024K, 26 young (26624K), 4 survivors (4096K)
 Metaspace       used 178984K, committed 180032K, reserved 1212416K
  class space    used 22921K, committed 23424K, reserved 1048576K
}
Event: 357.575 GC heap after
{Heap after GC invocations=78 (full 0):
 garbage-first heap   total 297984K, used 236235K [0x0000000080000000, 0x0000000100000000)
  region size 1024K, 3 young (3072K), 3 survivors (3072K)
 Metaspace       used 178984K, committed 180032K, reserved 1212416K
  class space    used 22921K, committed 23424K, reserved 1048576K
}
Event: 359.821 GC heap before
{Heap before GC invocations=78 (full 0):
 garbage-first heap   total 297984K, used 257739K [0x0000000080000000, 0x0000000100000000)
  region size 1024K, 23 young (23552K), 3 survivors (3072K)
 Metaspace       used 182027K, committed 183104K, reserved 1212416K
  class space    used 23459K, committed 24000K, reserved 1048576K
}
Event: 359.833 GC heap after
{Heap after GC invocations=79 (full 0):
 garbage-first heap   total 297984K, used 237231K [0x0000000080000000, 0x0000000100000000)
  region size 1024K, 2 young (2048K), 2 survivors (2048K)
 Metaspace       used 182027K, committed 183104K, reserved 1212416K
  class space    used 23459K, committed 24000K, reserved 1048576K
}
Event: 361.759 GC heap before
{Heap before GC invocations=79 (full 0):
 garbage-first heap   total 297984K, used 257711K [0x0000000080000000, 0x0000000100000000)
  region size 1024K, 23 young (23552K), 2 survivors (2048K)
 Metaspace       used 184942K, committed 186048K, reserved 1212416K
  class space    used 23950K, committed 24512K, reserved 1048576K
}
Event: 361.770 GC heap after
{Heap after GC invocations=80 (full 0):
 garbage-first heap   total 297984K, used 232556K [0x0000000080000000, 0x0000000100000000)
  region size 1024K, 3 young (3072K), 3 survivors (3072K)
 Metaspace       used 184942K, committed 186048K, reserved 1212416K
  class space    used 23950K, committed 24512K, reserved 1048576K
}

Dll operation events (2 events):
Event: 0.124 Loaded shared library D:\Android Studio\jbr\bin\java.dll
Event: 3.324 Loaded shared library D:\Android Studio\jbr\bin\verify.dll

Deoptimization events (20 events):
Event: 361.854 Thread 0x0000019405d1e7f0 Uncommon trap: trap_request=0xffffff45 fr.pc=0x000001946e423354 relative=0x0000000000000114
Event: 361.854 Thread 0x0000019405d1e7f0 Uncommon trap: reason=unstable_if action=reinterpret pc=0x000001946e423354 method=com.google.protobuf.DescriptorProtos$FieldDescriptorProto$Type.forNumber(I)Lcom/google/protobuf/DescriptorProtos$FieldDescriptorProto$Type; @ 1 c2
Event: 361.854 Thread 0x0000019405d1e7f0 DEOPT PACKING pc=0x000001946e423354 sp=0x00000024c6cf7f30
Event: 361.854 Thread 0x0000019405d1e7f0 DEOPT UNPACKING pc=0x000001946d3a69a3 sp=0x00000024c6cf7eb8 mode 2
Event: 361.997 Thread 0x0000019405d1e7f0 Uncommon trap: trap_request=0xffffff45 fr.pc=0x000001946e0b68b4 relative=0x0000000000000a74
Event: 361.997 Thread 0x0000019405d1e7f0 Uncommon trap: reason=unstable_if action=reinterpret pc=0x000001946e0b68b4 method=java.io.ObjectInputStream$BlockDataInputStream.readUTFSpan(Ljava/lang/StringBuilder;J)J @ 35 c2
Event: 361.997 Thread 0x0000019405d1e7f0 DEOPT PACKING pc=0x000001946e0b68b4 sp=0x00000024c6cf86b0
Event: 361.997 Thread 0x0000019405d1e7f0 DEOPT UNPACKING pc=0x000001946d3a69a3 sp=0x00000024c6cf8650 mode 2
Event: 362.048 Thread 0x0000019405d1e7f0 Uncommon trap: trap_request=0xffffff45 fr.pc=0x000001946e3d22c0 relative=0x0000000000000260
Event: 362.048 Thread 0x0000019405d1e7f0 Uncommon trap: reason=unstable_if action=reinterpret pc=0x000001946e3d22c0 method=com.google.gson.stream.JsonReader.doPeek()I @ 315 c2
Event: 362.048 Thread 0x0000019405d1e7f0 DEOPT PACKING pc=0x000001946e3d22c0 sp=0x00000024c6cf9150
Event: 362.048 Thread 0x0000019405d1e7f0 DEOPT UNPACKING pc=0x000001946d3a69a3 sp=0x00000024c6cf90c8 mode 2
Event: 362.450 Thread 0x0000019405d1e7f0 Uncommon trap: trap_request=0xffffff45 fr.pc=0x000001946dbc7cec relative=0x000000000000148c
Event: 362.450 Thread 0x0000019405d1e7f0 Uncommon trap: reason=unstable_if action=reinterpret pc=0x000001946dbc7cec method=jdk.internal.org.objectweb.asm.Frame.getAbstractTypeFromDescriptor(Ljdk/internal/org/objectweb/asm/SymbolTable;Ljava/lang/String;I)I @ 189 c2
Event: 362.450 Thread 0x0000019405d1e7f0 DEOPT PACKING pc=0x000001946dbc7cec sp=0x00000024c6cfbc80
Event: 362.450 Thread 0x0000019405d1e7f0 DEOPT UNPACKING pc=0x000001946d3a69a3 sp=0x00000024c6cfbc40 mode 2
Event: 362.450 Thread 0x0000019405d1e7f0 Uncommon trap: trap_request=0xffffff45 fr.pc=0x000001946e0ea4b4 relative=0x0000000000004d74
Event: 362.450 Thread 0x0000019405d1e7f0 Uncommon trap: reason=unstable_if action=reinterpret pc=0x000001946e0ea4b4 method=jdk.internal.org.objectweb.asm.Type.getArgumentTypes(Ljava/lang/String;)[Ljdk/internal/org/objectweb/asm/Type; @ 21 c2
Event: 362.450 Thread 0x0000019405d1e7f0 DEOPT PACKING pc=0x000001946e0ea4b4 sp=0x00000024c6cfbe50
Event: 362.450 Thread 0x0000019405d1e7f0 DEOPT UNPACKING pc=0x000001946d3a69a3 sp=0x00000024c6cfbcf8 mode 2

Classes unloaded (2 events):
Event: 306.125 Thread 0x000001947bf03610 Unloading class 0x0000000100d88400 'java/lang/invoke/LambdaForm$DMH+0x0000000100d88400'
Event: 306.126 Thread 0x000001947bf03610 Unloading class 0x0000000100d88800 'java/lang/invoke/LambdaForm$DMH+0x0000000100d88800'

Classes redefined (0 events):
No events

Internal exceptions (20 events):
Event: 333.363 Thread 0x0000019400c65940 Exception <a 'sun/nio/fs/WindowsException'{0x000000008e9e4780}> (0x000000008e9e4780) 
thrown [s\src\hotspot\share\prims\jni.cpp, line 517]
Event: 335.008 Thread 0x0000019405d1e7f0 Exception <a 'sun/nio/fs/WindowsException'{0x000000008e9d30a8}> (0x000000008e9d30a8) 
thrown [s\src\hotspot\share\prims\jni.cpp, line 517]
Event: 335.635 Thread 0x0000019405d1e7f0 Implicit null exception at 0x000001946e269b10 to 0x000001946e269be4
Event: 335.672 Thread 0x0000019405d1e7f0 Implicit null exception at 0x000001946e279812 to 0x000001946e2798f6
Event: 337.338 Thread 0x0000019405d1e7f0 Implicit null exception at 0x000001946e2b3f84 to 0x000001946e2b6058
Event: 355.311 Thread 0x0000019405d1e7f0 Exception <a 'java/lang/NoSuchMethodError'{0x0000000091b81e20}: 'int java.lang.invoke.DirectMethodHandle$Holder.invokeStaticInit(java.lang.Object, int)'> (0x0000000091b81e20) 
thrown [s\src\hotspot\share\interpreter\linkResolver.cpp, line 771]
Event: 355.665 Thread 0x0000019405d1e7f0 Exception <a 'java/lang/NoSuchMethodError'{0x00000000911d16e8}: 'int java.lang.invoke.DirectMethodHandle$Holder.invokeSpecial(java.lang.Object, java.lang.Object, int, int)'> (0x00000000911d16e8) 
thrown [s\src\hotspot\share\interpreter\linkResolver.cpp, line 771]
Event: 357.215 Thread 0x0000019400c61f80 Exception <a 'sun/nio/fs/WindowsException'{0x0000000091204ed0}> (0x0000000091204ed0) 
thrown [s\src\hotspot\share\prims\jni.cpp, line 517]
Event: 357.228 Thread 0x0000019400c61f80 Exception <a 'sun/nio/fs/WindowsException'{0x0000000091265100}> (0x0000000091265100) 
thrown [s\src\hotspot\share\prims\jni.cpp, line 517]
Event: 357.229 Thread 0x0000019400c61f80 Exception <a 'sun/nio/fs/WindowsException'{0x0000000091265270}> (0x0000000091265270) 
thrown [s\src\hotspot\share\prims\jni.cpp, line 517]
Event: 357.444 Thread 0x0000019405d1e7f0 Implicit null exception at 0x000001946e289fcb to 0x000001946e28a08f
Event: 361.175 Thread 0x0000019405d1e7f0 Exception <a 'java/lang/ClassNotFoundException'{0x00000000912dda88}: com/android/build/gradle/internal/api/ApkVariantOutputImpl_DecoratedBeanInfo> (0x00000000912dda88) 
thrown [s\src\hotspot\share\classfile\systemDictionary.cpp, line 256]
Event: 361.176 Thread 0x0000019405d1e7f0 Exception <a 'java/lang/ClassNotFoundException'{0x00000000912e7b20}: com/android/build/gradle/internal/api/ApkVariantOutputImplBeanInfo> (0x00000000912e7b20) 
thrown [s\src\hotspot\share\classfile\systemDictionary.cpp, line 256]
Event: 361.178 Thread 0x0000019405d1e7f0 Exception <a 'java/lang/ClassNotFoundException'{0x00000000912f1bc8}: com/android/build/gradle/internal/api/BaseVariantOutputImplBeanInfo> (0x00000000912f1bc8) 
thrown [s\src\hotspot\share\classfile\systemDictionary.cpp, line 256]
Event: 361.180 Thread 0x0000019405d1e7f0 Exception <a 'java/lang/ClassNotFoundException'{0x00000000912fbc40}: com/android/build/gradle/internal/api/BaseVariantOutputImplCustomizer> (0x00000000912fbc40) 
thrown [s\src\hotspot\share\classfile\systemDictionary.cpp, line 256]
Event: 361.207 Thread 0x0000019405d1e7f0 Exception <a 'java/lang/ClassNotFoundException'{0x00000000911190f8}: com/android/build/gradle/internal/api/ApkVariantOutputImplCustomizer> (0x00000000911190f8) 
thrown [s\src\hotspot\share\classfile\systemDictionary.cpp, line 256]
Event: 361.215 Thread 0x0000019405d1e7f0 Exception <a 'java/lang/ClassNotFoundException'{0x0000000091131018}: com/android/build/gradle/internal/api/ApkVariantOutputImpl_DecoratedCustomizer> (0x0000000091131018) 
thrown [s\src\hotspot\share\classfile\systemDictionary.cpp, line 256]
Event: 361.426 Thread 0x0000019405d1e7f0 Exception <a 'java/lang/NoClassDefFoundError'{0x0000000091009f78}: org/jetbrains/kotlin/gradle/plugin/KotlinBasePluginWrapper> (0x0000000091009f78) 
thrown [s\src\hotspot\share\classfile\systemDictionary.cpp, line 245]
Event: 361.988 Thread 0x0000019405d1e7f0 Exception <a 'java/lang/NoSuchMethodError'{0x0000000091cd8de8}: static Lcom/android/build/gradle/internal/profile/ProjectData;.<clinit>()V> (0x0000000091cd8de8) 
thrown [s\src\hotspot\share\prims\jni.cpp, line 1108]
Event: 362.061 Thread 0x0000019405d1e7f0 Exception <a 'sun/nio/fs/WindowsException'{0x0000000091a9fc10}> (0x0000000091a9fc10) 
thrown [s\src\hotspot\share\prims\jni.cpp, line 517]

VM Operations (20 events):
Event: 356.227 Executing VM operation: G1CollectForAllocation
Event: 356.241 Executing VM operation: G1CollectForAllocation done
Event: 356.693 Executing VM operation: ICBufferFull
Event: 356.694 Executing VM operation: ICBufferFull done
Event: 356.969 Executing VM operation: HandshakeAllThreads
Event: 356.970 Executing VM operation: HandshakeAllThreads done
Event: 357.005 Executing VM operation: ICBufferFull
Event: 357.006 Executing VM operation: ICBufferFull done
Event: 357.552 Executing VM operation: G1CollectForAllocation
Event: 357.575 Executing VM operation: G1CollectForAllocation done
Event: 358.582 Executing VM operation: Cleanup
Event: 358.599 Executing VM operation: Cleanup done
Event: 359.602 Executing VM operation: Cleanup
Event: 359.602 Executing VM operation: Cleanup done
Event: 359.821 Executing VM operation: G1CollectForAllocation
Event: 359.833 Executing VM operation: G1CollectForAllocation done
Event: 360.844 Executing VM operation: Cleanup
Event: 360.845 Executing VM operation: Cleanup done
Event: 361.758 Executing VM operation: G1CollectForAllocation
Event: 361.770 Executing VM operation: G1CollectForAllocation done

Events (20 events):
Event: 355.131 Thread 0x000001947c9965a0 flushing nmethod 0x0000019466acd790
Event: 355.146 Thread 0x000001947c9965a0 flushing nmethod 0x0000019467197a10
Event: 355.151 Thread 0x000001947c9965a0 flushing nmethod 0x00000194673bdd90
Event: 355.155 Thread 0x000001947c9965a0 flushing nmethod 0x000001946756a510
Event: 355.158 Thread 0x000001947c9965a0 flushing nmethod 0x000001946772d810
Event: 355.164 Thread 0x000001947c9965a0 flushing nmethod 0x0000019467b3b190
Event: 355.164 Thread 0x000001947c9965a0 flushing nmethod 0x0000019467b3c310
Event: 355.164 Thread 0x000001947c9965a0 flushing nmethod 0x0000019467b4e410
Event: 355.164 Thread 0x000001947c9965a0 flushing nmethod 0x0000019467b85290
Event: 355.513 Thread 0x00000194044ce1a0 Thread exited: 0x00000194044ce1a0
Event: 355.696 Thread 0x00000194044ce1a0 Thread added: 0x00000194044ce1a0
Event: 356.884 Thread 0x00000194044ce1a0 Thread exited: 0x00000194044ce1a0
Event: 357.345 Thread 0x00000194044ce1a0 Thread added: 0x00000194044ce1a0
Event: 357.506 Thread 0x00000194044ce1a0 Thread exited: 0x00000194044ce1a0
Event: 359.215 Thread 0x00000194044cfaf0 Thread added: 0x00000194044cfaf0
Event: 359.366 Thread 0x00000194044cfaf0 Thread exited: 0x00000194044cfaf0
Event: 359.931 Thread 0x00000194044ce1a0 Thread added: 0x00000194044ce1a0
Event: 360.527 Thread 0x00000194044ce1a0 Thread exited: 0x00000194044ce1a0
Event: 361.267 Thread 0x00000194044d32a0 Thread added: 0x00000194044d32a0
Event: 362.064 Thread 0x000001940a2b86b0 Thread added: 0x000001940a2b86b0


Dynamic libraries:
0x00007ff6ab0a0000 - 0x00007ff6ab0aa000 	D:\Android Studio\jbr\bin\java.exe
0x00007ff920cb0000 - 0x00007ff920ec4000 	C:\WINDOWS\SYSTEM32\ntdll.dll
0x00007ff920500000 - 0x00007ff9205c4000 	C:\WINDOWS\System32\KERNEL32.DLL
0x00007ff91e480000 - 0x00007ff91e824000 	C:\WINDOWS\System32\KERNELBASE.dll
0x00007ff91e8b0000 - 0x00007ff91e9c1000 	C:\WINDOWS\System32\ucrtbase.dll
0x00007ff8e9650000 - 0x00007ff8e9667000 	D:\Android Studio\jbr\bin\jli.dll
0x00007ff91fed0000 - 0x00007ff92007a000 	C:\WINDOWS\System32\USER32.dll
0x00007ff91e330000 - 0x00007ff91e356000 	C:\WINDOWS\System32\win32u.dll
0x00007ff91f0b0000 - 0x00007ff91f0d9000 	C:\WINDOWS\System32\GDI32.dll
0x00007ff91e360000 - 0x00007ff91e479000 	C:\WINDOWS\System32\gdi32full.dll
0x00007ff91e9d0000 - 0x00007ff91ea6a000 	C:\WINDOWS\System32\msvcp_win.dll
0x00007ff908860000 - 0x00007ff90887b000 	D:\Android Studio\jbr\bin\VCRUNTIME140.dll
0x00007ff90b930000 - 0x00007ff90bbbf000 	C:\WINDOWS\WinSxS\amd64_microsoft.windows.common-controls_6595b64144ccf1df_6.0.22621.2070_none_2713e6537381f706\COMCTL32.dll
0x00007ff91f000000 - 0x00007ff91f0a7000 	C:\WINDOWS\System32\msvcrt.dll
0x00007ff920a70000 - 0x00007ff920aa1000 	C:\WINDOWS\System32\IMM32.DLL
0x00007ff919170000 - 0x00007ff91917c000 	D:\Android Studio\jbr\bin\vcruntime140_1.dll
0x00007ff903f50000 - 0x00007ff903fdd000 	D:\Android Studio\jbr\bin\msvcp140.dll
0x00007ff8b9e70000 - 0x00007ff8baade000 	D:\Android Studio\jbr\bin\server\jvm.dll
0x00007ff9205e0000 - 0x00007ff920690000 	C:\WINDOWS\System32\ADVAPI32.dll
0x00007ff920450000 - 0x00007ff9204f6000 	C:\WINDOWS\System32\sechost.dll
0x00007ff9202e0000 - 0x00007ff9203f7000 	C:\WINDOWS\System32\RPCRT4.dll
0x00007ff8f7710000 - 0x00007ff8f7719000 	C:\WINDOWS\SYSTEM32\WSOCK32.dll
0x00007ff91ef20000 - 0x00007ff91ef91000 	C:\WINDOWS\System32\WS2_32.dll
0x00007ff917ab0000 - 0x00007ff917ae4000 	C:\WINDOWS\SYSTEM32\WINMM.dll
0x00007ff915f80000 - 0x00007ff915f8a000 	C:\WINDOWS\SYSTEM32\VERSION.dll
0x00007ff91d0d0000 - 0x00007ff91d0e8000 	C:\WINDOWS\SYSTEM32\kernel.appcore.dll
0x00007ff919180000 - 0x00007ff91918a000 	D:\Android Studio\jbr\bin\jimage.dll
0x00007ff91b9a0000 - 0x00007ff91bbce000 	C:\WINDOWS\SYSTEM32\DBGHELP.DLL
0x00007ff91eb90000 - 0x00007ff91ef1a000 	C:\WINDOWS\System32\combase.dll
0x00007ff91f5d0000 - 0x00007ff91f6a7000 	C:\WINDOWS\System32\OLEAUT32.dll
0x00007ff909260000 - 0x00007ff909292000 	C:\WINDOWS\SYSTEM32\dbgcore.DLL
0x00007ff91e830000 - 0x00007ff91e8aa000 	C:\WINDOWS\System32\bcryptPrimitives.dll
0x00007ff8eed80000 - 0x00007ff8eeda5000 	D:\Android Studio\jbr\bin\java.dll
0x00007ff8f7750000 - 0x00007ff8f7768000 	D:\Android Studio\jbr\bin\zip.dll
0x00007ff91f6b0000 - 0x00007ff91fec6000 	C:\WINDOWS\System32\SHELL32.dll
0x00007ff91c060000 - 0x00007ff91c94a000 	C:\WINDOWS\SYSTEM32\windows.storage.dll
0x00007ff91bf20000 - 0x00007ff91c05e000 	C:\WINDOWS\SYSTEM32\wintypes.dll
0x00007ff9206a0000 - 0x00007ff920793000 	C:\WINDOWS\System32\SHCORE.dll
0x00007ff91efa0000 - 0x00007ff91effe000 	C:\WINDOWS\System32\shlwapi.dll
0x00007ff91dfc0000 - 0x00007ff91dfe6000 	C:\WINDOWS\SYSTEM32\profapi.dll
0x00007ff8eee60000 - 0x00007ff8eee79000 	D:\Android Studio\jbr\bin\net.dll
0x00007ff917540000 - 0x00007ff917677000 	C:\WINDOWS\SYSTEM32\WINHTTP.dll
0x00007ff91d550000 - 0x00007ff91d5b9000 	C:\WINDOWS\system32\mswsock.dll
0x00007ff8e9670000 - 0x00007ff8e9686000 	D:\Android Studio\jbr\bin\nio.dll
0x00007ff917b20000 - 0x00007ff917b30000 	D:\Android Studio\jbr\bin\verify.dll
0x00007ff9048a0000 - 0x00007ff9048c7000 	C:\Users\Alif\.gradle\native\68d5fa5c4cc2d200863cafc0d521ce42e7d3e7ee720ec0a83991735586a16f82\windows-amd64\native-platform.dll
0x00007ff8e3f40000 - 0x00007ff8e4084000 	C:\Users\Alif\.gradle\native\e376f236ea51e6404a007f0833ffe2c6e607c4080706a723a18a27aeea778392\windows-amd64\native-platform-file-events.dll
0x00007ff904890000 - 0x00007ff904899000 	D:\Android Studio\jbr\bin\management.dll
0x00007ff904810000 - 0x00007ff90481b000 	D:\Android Studio\jbr\bin\management_ext.dll
0x00007ff9205d0000 - 0x00007ff9205d8000 	C:\WINDOWS\System32\PSAPI.DLL
0x00007ff91d7b0000 - 0x00007ff91d7cb000 	C:\WINDOWS\SYSTEM32\CRYPTSP.dll
0x00007ff91d040000 - 0x00007ff91d075000 	C:\WINDOWS\system32\rsaenh.dll
0x00007ff91d640000 - 0x00007ff91d66c000 	C:\WINDOWS\SYSTEM32\USERENV.dll
0x00007ff91d960000 - 0x00007ff91d988000 	C:\WINDOWS\SYSTEM32\bcrypt.dll
0x00007ff91d7a0000 - 0x00007ff91d7ac000 	C:\WINDOWS\SYSTEM32\CRYPTBASE.dll
0x00007ff91cbb0000 - 0x00007ff91cbdd000 	C:\WINDOWS\SYSTEM32\IPHLPAPI.DLL
0x00007ff920180000 - 0x00007ff920189000 	C:\WINDOWS\System32\NSI.dll
0x00007ff917520000 - 0x00007ff917539000 	C:\WINDOWS\SYSTEM32\dhcpcsvc6.DLL
0x00007ff917500000 - 0x00007ff91751f000 	C:\WINDOWS\SYSTEM32\dhcpcsvc.DLL
0x00007ff91cc20000 - 0x00007ff91cd13000 	C:\WINDOWS\SYSTEM32\DNSAPI.dll
0x00007ff8ffa10000 - 0x00007ff8ffa18000 	C:\WINDOWS\system32\wshunix.dll
0x00007ff915f20000 - 0x00007ff915f2a000 	C:\Windows\System32\rasadhlp.dll
0x00007ff915e40000 - 0x00007ff915ec4000 	C:\WINDOWS\System32\fwpuclnt.dll

dbghelp: loaded successfully - version: 4.0.5 - missing functions: none
symbol engine: initialized successfully - sym options: 0x614 - pdb path: .;D:\Android Studio\jbr\bin;C:\WINDOWS\SYSTEM32;C:\WINDOWS\WinSxS\amd64_microsoft.windows.common-controls_6595b64144ccf1df_6.0.22621.2070_none_2713e6537381f706;D:\Android Studio\jbr\bin\server;C:\Users\Alif\.gradle\native\68d5fa5c4cc2d200863cafc0d521ce42e7d3e7ee720ec0a83991735586a16f82\windows-amd64;C:\Users\Alif\.gradle\native\e376f236ea51e6404a007f0833ffe2c6e607c4080706a723a18a27aeea778392\windows-amd64

VM Arguments:
jvm_args: --add-opens=java.base/java.util=ALL-UNNAMED --add-opens=java.base/java.lang=ALL-UNNAMED --add-opens=java.base/java.lang.invoke=ALL-UNNAMED --add-opens=java.prefs/java.util.prefs=ALL-UNNAMED --add-opens=java.base/java.nio.charset=ALL-UNNAMED --add-opens=java.base/java.net=ALL-UNNAMED --add-opens=java.base/java.util.concurrent.atomic=ALL-UNNAMED -Xmx2048m -Dfile.encoding=UTF-8 -Duser.country=ID -Duser.language=en -Duser.variant 
java_command: org.gradle.launcher.daemon.bootstrap.GradleDaemon 8.0
java_class_path (initial): C:\Users\Alif\.gradle\wrapper\dists\gradle-8.0-bin\ca5e32bp14vu59qr306oxotwh\gradle-8.0\lib\gradle-launcher-8.0.jar
Launcher Type: SUN_STANDARD

[Global flags]
     intx CICompilerCount                          = 3                                         {product} {ergonomic}
     uint ConcGCThreads                            = 1                                         {product} {ergonomic}
     uint G1ConcRefinementThreads                  = 4                                         {product} {ergonomic}
   size_t G1HeapRegionSize                         = 1048576                                   {product} {ergonomic}
    uintx GCDrainStackTargetSize                   = 64                                        {product} {ergonomic}
   size_t InitialHeapSize                          = 134217728                                 {product} {ergonomic}
   size_t MarkStackSize                            = 4194304                                   {product} {ergonomic}
   size_t MaxHeapSize                              = 2147483648                                {product} {command line}
   size_t MaxNewSize                               = 1287651328                                {product} {ergonomic}
   size_t MinHeapDeltaBytes                        = 1048576                                   {product} {ergonomic}
   size_t MinHeapSize                              = 8388608                                   {product} {ergonomic}
    uintx NonNMethodCodeHeapSize                   = 5832780                                {pd product} {ergonomic}
    uintx NonProfiledCodeHeapSize                  = 122912730                              {pd product} {ergonomic}
    uintx ProfiledCodeHeapSize                     = 122912730                              {pd product} {ergonomic}
    uintx ReservedCodeCacheSize                    = 251658240                              {pd product} {ergonomic}
     bool SegmentedCodeCache                       = true                                      {product} {ergonomic}
   size_t SoftMaxHeapSize                          = 2147483648                             {manageable} {ergonomic}
     bool UseCompressedClassPointers               = true                           {product lp64_product} {ergonomic}
     bool UseCompressedOops                        = true                           {product lp64_product} {ergonomic}
     bool UseG1GC                                  = true                                      {product} {ergonomic}
     bool UseLargePagesIndividualAllocation        = false                                  {pd product} {ergonomic}

Logging:
Log output configuration:
 #0: stdout all=warning uptime,level,tags
 #1: stderr all=off uptime,level,tags

Environment Variables:
PATH=C:\WINDOWS\system32;C:\WINDOWS;C:\WINDOWS\System32\Wbem;C:\WINDOWS\System32\WindowsPowerShell\v1.0\;C:\WINDOWS\System32\OpenSSH\;C:\Program Files\Git\cmd;C:\Users\Alif\AppData\Local\Microsoft\WindowsApps;;C:\Users\Alif\AppData\Local\Programs\Microsoft VS Code\bin
USERNAME=Alif
OS=Windows_NT
PROCESSOR_IDENTIFIER=Intel64 Family 6 Model 142 Stepping 10, GenuineIntel
TMP=C:\Users\Alif\AppData\Local\Temp
TEMP=C:\Users\Alif\AppData\Local\Temp


JNI global refs:
JNI global refs: 27, weak refs: 2

JNI global refs memory usage: 843, weak refs: 841


---------------  S Y S T E M  ---------------

OS:
 Windows 11 , 64 bit Build 22621 (10.0.22621.2070)
OS uptime: 1 days 0:28 hours

CPU: total 4 (initial active 4) (2 cores per cpu, 2 threads per core) family 6 model 142 stepping 10 microcode 0xe0, cx8, cmov, fxsr, ht, mmx, 3dnowpref, sse, sse2, sse3, ssse3, sse4.1, sse4.2, popcnt, lzcnt, tsc, tscinvbit, avx, avx2, aes, erms, clmul, bmi1, bmi2, adx, fma, vzeroupper, clflush, clflushopt

Memory: 4k page, system-wide physical 8071M (463M free)
TotalPageFile size 16071M (AvailPageFile size 6M)
current process WorkingSet (physical memory assigned to process): 393M, peak: 512M
current process commit charge ("private bytes"): 729M, peak: 732M

vm_info: OpenJDK 64-Bit Server VM (17.0.6+0-b2043.56-10027231) for windows-amd64 JRE (17.0.6+0-b2043.56-10027231), built on Apr 28 2023 00:43:19 by "androidbuild" with MS VC++ 16.10 / 16.11 (VS2019)

END.
